#
# There is insufficient memory for the Java Runtime Environment to continue.
# Native memory allocation (malloc) failed to allocate 1612704 bytes. Error detail: Chunk::new
# Possible reasons:
#   The system is out of physical RAM or swap space
#   This process is running with CompressedOops enabled, and the Java Heap may be blocking the growth of the native heap
# Possible solutions:
#   Reduce memory load on the system
#   Increase physical memory or swap space
#   Check if swap backing store is full
#   Decrease Java heap size (-Xmx/-Xms)
#   Decrease number of Java threads
#   Decrease Java thread stack sizes (-Xss)
#   Set larger code cache with -XX:ReservedCodeCacheSize=
#   JVM is running with Unscaled Compressed Oops mode in which the Java heap is
#     placed in the first 4GB address space. The Java Heap base address is the
#     maximum limit for the native heap growth. Please use -XX:HeapBaseMinAddress
#     to set the Java Heap base and to place the Java Heap above 4GB virtual address.
# This output file may be truncated or incomplete.
#
#  Out of Memory Error (arena.cpp:168), pid=11708, tid=16692
#
# JRE version: OpenJDK Runtime Environment Temurin-21.0.7+6 (21.0.7+6) (build 21.0.7+6-LTS)
# Java VM: OpenJDK 64-Bit Server VM Temurin-21.0.7+6 (21.0.7+6-LTS, mixed mode, sharing, tiered, compressed oops, compressed class ptrs, g1 gc, windows-amd64)
# No core dump will be written. Minidumps are not enabled by default on client versions of Windows
#

---------------  S U M M A R Y ------------

Command Line: -Dfile.encoding=UTF-8 -Dstdout.encoding=UTF-8 -Dstderr.encoding=UTF-8 -XX:+ShowCodeDetailsInExceptionMessages com.example.CuoiKi.CuoiKiApplication

Host: 13th Gen Intel(R) Core(TM) i3-1315U, 8 cores, 7G,  Windows 11 , 64 bit Build 26100 (10.0.26100.3775)
Time: Fri May  9 16:47:41 2025 SE Asia Standard Time elapsed time: 5.780032 seconds (0d 0h 0m 5s)

---------------  T H R E A D  ---------------

Current thread (0x00000246bf494620):  JavaThread "C2 CompilerThread0" daemon [_thread_in_native, id=16692, stack(0x000000805ec00000,0x000000805ed00000) (1024K)]


Current CompileTask:
C2:5780 4692 % !   4       org.springframework.beans.factory.support.DefaultListableBeanFactory::doGetBeanNamesForType @ 20 (505 bytes)

Stack: [0x000000805ec00000,0x000000805ed00000]
Native frames: (J=compiled Java code, j=interpreted, Vv=VM code, C=native code)
V  [jvm.dll+0x6ce119]
V  [jvm.dll+0x8a84a1]
V  [jvm.dll+0x8aa9ce]
V  [jvm.dll+0x8ab0b3]
V  [jvm.dll+0x27f8a6]
V  [jvm.dll+0xc507d]
V  [jvm.dll+0xc55b3]
V  [jvm.dll+0x3b692c]
V  [jvm.dll+0x382aa5]
V  [jvm.dll+0x381f0a]
V  [jvm.dll+0x247af0]
V  [jvm.dll+0x2470cf]
V  [jvm.dll+0x1c760e]
V  [jvm.dll+0x25695a]
V  [jvm.dll+0x254efa]
V  [jvm.dll+0x3f03f6]
V  [jvm.dll+0x851f6b]
V  [jvm.dll+0x6cc7dd]
C  [ucrtbase.dll+0x37b0]
C  [KERNEL32.DLL+0x2e8d7]
C  [ntdll.dll+0xb14fc]


---------------  P R O C E S S  ---------------

Threads class SMR info:
_java_thread_list=0x00000247070cbe10, length=17, elements={
0x00000246a76f2c90, 0x00000246bf47a570, 0x00000246bf47efd0, 0x00000246bf4820a0,
0x00000246bf483eb0, 0x00000246bf489ad0, 0x00000246bf4926e0, 0x00000246bf494620,
0x00000246bf49dfb0, 0x00000246bf5d22b0, 0x00000246bf5e0e80, 0x00000246bf6540a0,
0x00000247054ecba0, 0x00000247054f0490, 0x00000247069ad310, 0x00000247069ad9a0,
0x00000247069aed50
}

Java Threads: ( => current thread )
  0x00000246a76f2c90 JavaThread "main"                              [_thread_blocked, id=5048, stack(0x000000805de00000,0x000000805df00000) (1024K)]
  0x00000246bf47a570 JavaThread "Reference Handler"          daemon [_thread_blocked, id=17828, stack(0x000000805e600000,0x000000805e700000) (1024K)]
  0x00000246bf47efd0 JavaThread "Finalizer"                  daemon [_thread_blocked, id=15964, stack(0x000000805e700000,0x000000805e800000) (1024K)]
  0x00000246bf4820a0 JavaThread "Signal Dispatcher"          daemon [_thread_blocked, id=4780, stack(0x000000805e800000,0x000000805e900000) (1024K)]
  0x00000246bf483eb0 JavaThread "Attach Listener"            daemon [_thread_blocked, id=15108, stack(0x000000805e900000,0x000000805ea00000) (1024K)]
  0x00000246bf489ad0 JavaThread "Service Thread"             daemon [_thread_blocked, id=7864, stack(0x000000805ea00000,0x000000805eb00000) (1024K)]
  0x00000246bf4926e0 JavaThread "Monitor Deflation Thread"   daemon [_thread_blocked, id=332, stack(0x000000805eb00000,0x000000805ec00000) (1024K)]
=>0x00000246bf494620 JavaThread "C2 CompilerThread0"         daemon [_thread_in_native, id=16692, stack(0x000000805ec00000,0x000000805ed00000) (1024K)]
  0x00000246bf49dfb0 JavaThread "C1 CompilerThread0"         daemon [_thread_in_native, id=11200, stack(0x000000805ed00000,0x000000805ee00000) (1024K)]
  0x00000246bf5d22b0 JavaThread "Notification Thread"        daemon [_thread_blocked, id=16072, stack(0x000000805ee00000,0x000000805ef00000) (1024K)]
  0x00000246bf5e0e80 JavaThread "Common-Cleaner"             daemon [_thread_blocked, id=1948, stack(0x000000805ef00000,0x000000805f000000) (1024K)]
  0x00000246bf6540a0 JavaThread "C2 CompilerThread1"         daemon [_thread_in_native, id=21864, stack(0x000000805f000000,0x000000805f100000) (1024K)]
  0x00000247054ecba0 JavaThread "Thread-0"                          [_thread_blocked, id=14064, stack(0x000000805f100000,0x000000805f200000) (1024K)]
  0x00000247054f0490 JavaThread "restartedMain"                     [_thread_in_Java, id=12112, stack(0x000000805f200000,0x000000805f300000) (1024K)]
  0x00000247069ad310 JavaThread "Catalina-utility-1"                [_thread_blocked, id=13708, stack(0x000000805f800000,0x000000805f900000) (1024K)]
  0x00000247069ad9a0 JavaThread "Catalina-utility-2"                [_thread_blocked, id=9948, stack(0x000000805fc00000,0x000000805fd00000) (1024K)]
  0x00000247069aed50 JavaThread "container-0"                       [_thread_blocked, id=15620, stack(0x000000805fd00000,0x000000805fe00000) (1024K)]
Total: 17

Other Threads:
  0x00000246bf018730 VMThread "VM Thread"                           [id=21784, stack(0x000000805e500000,0x000000805e600000) (1024K)]
  0x00000246bf007d60 WatcherThread "VM Periodic Task Thread"        [id=13124, stack(0x000000805e400000,0x000000805e500000) (1024K)]
  0x00000246a7745ed0 WorkerThread "GC Thread#0"                     [id=15416, stack(0x000000805df00000,0x000000805e000000) (1024K)]
  0x00000247058adb70 WorkerThread "GC Thread#1"                     [id=16184, stack(0x000000805f300000,0x000000805f400000) (1024K)]
  0x00000247058adf10 WorkerThread "GC Thread#2"                     [id=8976, stack(0x000000805f400000,0x000000805f500000) (1024K)]
  0x00000247058ae2b0 WorkerThread "GC Thread#3"                     [id=16832, stack(0x000000805f500000,0x000000805f600000) (1024K)]
  0x00000247058b6b00 WorkerThread "GC Thread#4"                     [id=15640, stack(0x000000805f600000,0x000000805f700000) (1024K)]
  0x000002470532ffa0 WorkerThread "GC Thread#5"                     [id=5796, stack(0x000000805f700000,0x000000805f800000) (1024K)]
  0x0000024705c19a50 WorkerThread "GC Thread#6"                     [id=1892, stack(0x000000805f900000,0x000000805fa00000) (1024K)]
  0x0000024706006bc0 WorkerThread "GC Thread#7"                     [id=15128, stack(0x000000805fa00000,0x000000805fb00000) (1024K)]
  0x00000246a7756330 ConcurrentGCThread "G1 Main Marker"            [id=21416, stack(0x000000805e000000,0x000000805e100000) (1024K)]
  0x00000246a7758820 WorkerThread "G1 Conc#0"                       [id=15008, stack(0x000000805e100000,0x000000805e200000) (1024K)]
  0x0000024706000210 WorkerThread "G1 Conc#1"                       [id=12092, stack(0x000000805fb00000,0x000000805fc00000) (1024K)]
  0x00000246beec98f0 ConcurrentGCThread "G1 Refine#0"               [id=19800, stack(0x000000805e200000,0x000000805e300000) (1024K)]
  0x00000246beeca460 ConcurrentGCThread "G1 Service"                [id=11832, stack(0x000000805e300000,0x000000805e400000) (1024K)]
Total: 15

Threads with active compile tasks:
C2 CompilerThread0  5801 4692 % !   4       org.springframework.beans.factory.support.DefaultListableBeanFactory::doGetBeanNamesForType @ 20 (505 bytes)
C1 CompilerThread0  5801 4754       3       java.security.Provider::getEngineName (49 bytes)
C2 CompilerThread1  5801 4732       4       org.springframework.boot.context.properties.source.ConfigurationPropertyName$ElementsParser::parse (234 bytes)
Total: 3

VM state: not at safepoint (normal execution)

VM Mutex/Monitor currently owned by a thread: None

Heap address: 0x0000000085c00000, size: 1956 MB, Compressed Oops mode: 32-bit

CDS archive(s) mapped at: [0x00000246c0000000-0x00000246c0c80000-0x00000246c0c80000), size 13107200, SharedBaseAddress: 0x00000246c0000000, ArchiveRelocationMode: 1.
Compressed class space mapped at: 0x00000246c1000000-0x0000024701000000, reserved size: 1073741824
Narrow klass base: 0x00000246c0000000, Narrow klass shift: 0, Narrow klass range: 0x100000000

GC Precious Log:
 CardTable entry size: 512
 Card Set container configuration: InlinePtr #cards 5 size 8 Array Of Cards #cards 12 size 40 Howl #buckets 4 coarsen threshold 1843 Howl Bitmap #cards 512 size 80 coarsen threshold 460 Card regions per heap region 1 cards per card region 2048
 CPUs: 8 total, 8 available
 Memory: 7817M
 Large Page Support: Disabled
 NUMA Support: Disabled
 Compressed Oops: Enabled (32-bit)
 Heap Region Size: 1M
 Heap Min Capacity: 8M
 Heap Initial Capacity: 124M
 Heap Max Capacity: 1956M
 Pre-touch: Disabled
 Parallel Workers: 8
 Concurrent Workers: 2
 Concurrent Refinement Workers: 8
 Periodic GC: Disabled

Heap:
 garbage-first heap   total 61440K, used 47414K [0x0000000085c00000, 0x0000000100000000)
  region size 1024K, 32 young (32768K), 4 survivors (4096K)
 Metaspace       used 35237K, committed 35776K, reserved 1114112K
  class space    used 4437K, committed 4672K, reserved 1048576K

Heap Regions: E=young(eden), S=young(survivor), O=old, HS=humongous(starts), HC=humongous(continues), CS=collection set, F=free, TAMS=top-at-mark-start, PB=parsable bottom
|   0|0x0000000085c00000, 0x0000000085d00000, 0x0000000085d00000|100%|HS|  |TAMS 0x0000000085c00000| PB 0x0000000085c00000| Complete 
|   1|0x0000000085d00000, 0x0000000085e00000, 0x0000000085e00000|100%|HS|  |TAMS 0x0000000085d00000| PB 0x0000000085d00000| Complete 
|   2|0x0000000085e00000, 0x0000000085f00000, 0x0000000085f00000|100%| O|  |TAMS 0x0000000085e00000| PB 0x0000000085e00000| Untracked 
|   3|0x0000000085f00000, 0x0000000086000000, 0x0000000086000000|100%| O|  |TAMS 0x0000000085f00000| PB 0x0000000085f00000| Untracked 
|   4|0x0000000086000000, 0x0000000086100000, 0x0000000086100000|100%| O|  |TAMS 0x0000000086000000| PB 0x0000000086000000| Untracked 
|   5|0x0000000086100000, 0x0000000086200000, 0x0000000086200000|100%| O|  |TAMS 0x0000000086100000| PB 0x0000000086100000| Untracked 
|   6|0x0000000086200000, 0x0000000086300000, 0x0000000086300000|100%| O|  |TAMS 0x0000000086200000| PB 0x0000000086200000| Untracked 
|   7|0x0000000086300000, 0x0000000086300000, 0x0000000086400000|  0%| F|  |TAMS 0x0000000086300000| PB 0x0000000086300000| Untracked 
|   8|0x0000000086400000, 0x0000000086500000, 0x0000000086500000|100%| O|  |TAMS 0x0000000086400000| PB 0x0000000086400000| Untracked 
|   9|0x0000000086500000, 0x0000000086600000, 0x0000000086600000|100%| O|  |TAMS 0x0000000086500000| PB 0x0000000086500000| Untracked 
|  10|0x0000000086600000, 0x0000000086700000, 0x0000000086700000|100%| O|  |TAMS 0x0000000086600000| PB 0x0000000086600000| Untracked 
|  11|0x0000000086700000, 0x0000000086800000, 0x0000000086800000|100%| O|  |TAMS 0x0000000086700000| PB 0x0000000086700000| Untracked 
|  12|0x0000000086800000, 0x0000000086900000, 0x0000000086900000|100%| O|  |TAMS 0x0000000086800000| PB 0x0000000086800000| Untracked 
|  13|0x0000000086900000, 0x0000000086a00000, 0x0000000086a00000|100%| O|  |TAMS 0x0000000086900000| PB 0x0000000086900000| Untracked 
|  14|0x0000000086a00000, 0x0000000086a1ccf0, 0x0000000086b00000| 11%| O|  |TAMS 0x0000000086a00000| PB 0x0000000086a00000| Untracked 
|  15|0x0000000086b00000, 0x0000000086b00000, 0x0000000086c00000|  0%| F|  |TAMS 0x0000000086b00000| PB 0x0000000086b00000| Untracked 
|  16|0x0000000086c00000, 0x0000000086c00000, 0x0000000086d00000|  0%| F|  |TAMS 0x0000000086c00000| PB 0x0000000086c00000| Untracked 
|  17|0x0000000086d00000, 0x0000000086d30c88, 0x0000000086e00000| 19%| S|CS|TAMS 0x0000000086d00000| PB 0x0000000086d00000| Complete 
|  18|0x0000000086e00000, 0x0000000086f00000, 0x0000000086f00000|100%| S|CS|TAMS 0x0000000086e00000| PB 0x0000000086e00000| Complete 
|  19|0x0000000086f00000, 0x0000000087000000, 0x0000000087000000|100%| S|CS|TAMS 0x0000000086f00000| PB 0x0000000086f00000| Complete 
|  20|0x0000000087000000, 0x0000000087100000, 0x0000000087100000|100%| S|CS|TAMS 0x0000000087000000| PB 0x0000000087000000| Complete 
|  21|0x0000000087100000, 0x0000000087100000, 0x0000000087200000|  0%| F|  |TAMS 0x0000000087100000| PB 0x0000000087100000| Untracked 
|  22|0x0000000087200000, 0x0000000087200000, 0x0000000087300000|  0%| F|  |TAMS 0x0000000087200000| PB 0x0000000087200000| Untracked 
|  23|0x0000000087300000, 0x0000000087300000, 0x0000000087400000|  0%| F|  |TAMS 0x0000000087300000| PB 0x0000000087300000| Untracked 
|  24|0x0000000087400000, 0x0000000087400000, 0x0000000087500000|  0%| F|  |TAMS 0x0000000087400000| PB 0x0000000087400000| Untracked 
|  25|0x0000000087500000, 0x0000000087500000, 0x0000000087600000|  0%| F|  |TAMS 0x0000000087500000| PB 0x0000000087500000| Untracked 
|  26|0x0000000087600000, 0x0000000087600000, 0x0000000087700000|  0%| F|  |TAMS 0x0000000087600000| PB 0x0000000087600000| Untracked 
|  27|0x0000000087700000, 0x0000000087700000, 0x0000000087800000|  0%| F|  |TAMS 0x0000000087700000| PB 0x0000000087700000| Untracked 
|  28|0x0000000087800000, 0x0000000087800000, 0x0000000087900000|  0%| F|  |TAMS 0x0000000087800000| PB 0x0000000087800000| Untracked 
|  29|0x0000000087900000, 0x00000000879ffc58, 0x0000000087a00000| 99%| E|  |TAMS 0x0000000087900000| PB 0x0000000087900000| Complete 
|  30|0x0000000087a00000, 0x0000000087b00000, 0x0000000087b00000|100%| E|CS|TAMS 0x0000000087a00000| PB 0x0000000087a00000| Complete 
|  31|0x0000000087b00000, 0x0000000087c00000, 0x0000000087c00000|100%| E|CS|TAMS 0x0000000087b00000| PB 0x0000000087b00000| Complete 
|  32|0x0000000087c00000, 0x0000000087d00000, 0x0000000087d00000|100%| E|CS|TAMS 0x0000000087c00000| PB 0x0000000087c00000| Complete 
|  33|0x0000000087d00000, 0x0000000087e00000, 0x0000000087e00000|100%| E|CS|TAMS 0x0000000087d00000| PB 0x0000000087d00000| Complete 
|  34|0x0000000087e00000, 0x0000000087f00000, 0x0000000087f00000|100%| E|CS|TAMS 0x0000000087e00000| PB 0x0000000087e00000| Complete 
|  35|0x0000000087f00000, 0x0000000088000000, 0x0000000088000000|100%| E|CS|TAMS 0x0000000087f00000| PB 0x0000000087f00000| Complete 
|  36|0x0000000088000000, 0x0000000088100000, 0x0000000088100000|100%| E|CS|TAMS 0x0000000088000000| PB 0x0000000088000000| Complete 
|  37|0x0000000088100000, 0x0000000088200000, 0x0000000088200000|100%| E|CS|TAMS 0x0000000088100000| PB 0x0000000088100000| Complete 
|  38|0x0000000088200000, 0x0000000088300000, 0x0000000088300000|100%| E|CS|TAMS 0x0000000088200000| PB 0x0000000088200000| Complete 
|  39|0x0000000088300000, 0x0000000088400000, 0x0000000088400000|100%| E|CS|TAMS 0x0000000088300000| PB 0x0000000088300000| Complete 
|  40|0x0000000088400000, 0x0000000088500000, 0x0000000088500000|100%| E|CS|TAMS 0x0000000088400000| PB 0x0000000088400000| Complete 
|  41|0x0000000088500000, 0x0000000088600000, 0x0000000088600000|100%| E|CS|TAMS 0x0000000088500000| PB 0x0000000088500000| Complete 
|  42|0x0000000088600000, 0x0000000088700000, 0x0000000088700000|100%| E|CS|TAMS 0x0000000088600000| PB 0x0000000088600000| Complete 
|  43|0x0000000088700000, 0x0000000088800000, 0x0000000088800000|100%| E|CS|TAMS 0x0000000088700000| PB 0x0000000088700000| Complete 
|  44|0x0000000088800000, 0x0000000088900000, 0x0000000088900000|100%| E|CS|TAMS 0x0000000088800000| PB 0x0000000088800000| Complete 
|  45|0x0000000088900000, 0x0000000088a00000, 0x0000000088a00000|100%| E|CS|TAMS 0x0000000088900000| PB 0x0000000088900000| Complete 
|  46|0x0000000088a00000, 0x0000000088b00000, 0x0000000088b00000|100%| E|CS|TAMS 0x0000000088a00000| PB 0x0000000088a00000| Complete 
|  47|0x0000000088b00000, 0x0000000088c00000, 0x0000000088c00000|100%| E|CS|TAMS 0x0000000088b00000| PB 0x0000000088b00000| Complete 
|  48|0x0000000088c00000, 0x0000000088d00000, 0x0000000088d00000|100%| E|CS|TAMS 0x0000000088c00000| PB 0x0000000088c00000| Complete 
|  76|0x000000008a800000, 0x000000008a900000, 0x000000008a900000|100%| E|CS|TAMS 0x000000008a800000| PB 0x000000008a800000| Complete 
|  77|0x000000008a900000, 0x000000008aa00000, 0x000000008aa00000|100%| E|CS|TAMS 0x000000008a900000| PB 0x000000008a900000| Complete 
|  78|0x000000008aa00000, 0x000000008ab00000, 0x000000008ab00000|100%| E|CS|TAMS 0x000000008aa00000| PB 0x000000008aa00000| Complete 
|  79|0x000000008ab00000, 0x000000008ac00000, 0x000000008ac00000|100%| E|CS|TAMS 0x000000008ab00000| PB 0x000000008ab00000| Complete 
|  80|0x000000008ac00000, 0x000000008ad00000, 0x000000008ad00000|100%| E|CS|TAMS 0x000000008ac00000| PB 0x000000008ac00000| Complete 
|  81|0x000000008ad00000, 0x000000008ae00000, 0x000000008ae00000|100%| E|CS|TAMS 0x000000008ad00000| PB 0x000000008ad00000| Complete 
|  82|0x000000008ae00000, 0x000000008af00000, 0x000000008af00000|100%| E|CS|TAMS 0x000000008ae00000| PB 0x000000008ae00000| Complete 
| 123|0x000000008d700000, 0x000000008d800000, 0x000000008d800000|100%| E|CS|TAMS 0x000000008d700000| PB 0x000000008d700000| Complete 
|1953|0x00000000ffd00000, 0x00000000ffe00000, 0x00000000ffe00000|100%| O|  |TAMS 0x00000000ffd00000| PB 0x00000000ffd00000| Untracked 
|1954|0x00000000ffe00000, 0x00000000fff00000, 0x00000000fff00000|100%| O|  |TAMS 0x00000000ffe00000| PB 0x00000000ffe00000| Untracked 
|1955|0x00000000fff00000, 0x0000000100000000, 0x0000000100000000|100%| O|  |TAMS 0x00000000fff00000| PB 0x00000000fff00000| Untracked 

Card table byte_map: [0x00000246ba780000,0x00000246bab60000] _byte_map_base: 0x00000246ba352000

Marking Bits: (CMBitMap*) 0x00000246a77465d0
 Bits: [0x00000246bab60000, 0x00000246bc9f0000)

Polling page: 0x00000246a55a0000

Metaspace:

Usage:
  Non-class:     30.10 MB used.
      Class:      4.34 MB used.
       Both:     34.44 MB used.

Virtual space:
  Non-class space:       64.00 MB reserved,      30.44 MB ( 48%) committed,  1 nodes.
      Class space:        1.00 GB reserved,       4.56 MB ( <1%) committed,  1 nodes.
             Both:        1.06 GB reserved,      35.00 MB (  3%) committed. 

Chunk freelists:
   Non-Class:  1.17 MB
       Class:  11.36 MB
        Both:  12.53 MB

MaxMetaspaceSize: unlimited
CompressedClassSpaceSize: 1.00 GB
Initial GC threshold: 21.00 MB
Current GC threshold: 35.25 MB
CDS: on
 - commit_granule_bytes: 65536.
 - commit_granule_words: 8192.
 - virtual_space_node_default_size: 8388608.
 - enlarge_chunks_in_place: 1.
 - use_allocation_guard: 0.


Internal statistics:

num_allocs_failed_limit: 3.
num_arena_births: 648.
num_arena_deaths: 0.
num_vsnodes_births: 2.
num_vsnodes_deaths: 0.
num_space_committed: 560.
num_space_uncommitted: 0.
num_chunks_returned_to_freelist: 3.
num_chunks_taken_from_freelist: 1936.
num_chunk_merges: 3.
num_chunk_splits: 1287.
num_chunks_enlarged: 906.
num_inconsistent_stats: 0.

CodeHeap 'non-profiled nmethods': size=120000Kb used=2694Kb max_used=2694Kb free=117305Kb
 bounds [0x00000246b2b40000, 0x00000246b2df0000, 0x00000246ba070000]
CodeHeap 'profiled nmethods': size=120000Kb used=10024Kb max_used=10024Kb free=109975Kb
 bounds [0x00000246ab070000, 0x00000246aba40000, 0x00000246b25a0000]
CodeHeap 'non-nmethods': size=5760Kb used=1487Kb max_used=1524Kb free=4272Kb
 bounds [0x00000246b25a0000, 0x00000246b2810000, 0x00000246b2b40000]
 total_blobs=5303 nmethods=4739 adapters=467
 compilation: enabled
              stopped_count=0, restarted_count=0
 full_count=0

Compilation events (20 events):
Event: 5.640 Thread 0x00000246bf49dfb0 4728       3       java.util.zip.ZipCoder$UTF8ZipCoder::hasTrailingSlash (20 bytes)
Event: 5.640 Thread 0x00000246bf49dfb0 nmethod 4728 0x00000246aba27d90 code [0x00000246aba27f40, 0x00000246aba28100]
Event: 5.646 Thread 0x00000246bf49dfb0 4729       1       java.util.ResourceBundle$CacheKey::getName (5 bytes)
Event: 5.646 Thread 0x00000246bf49dfb0 nmethod 4729 0x00000246b2ddb310 code [0x00000246b2ddb4a0, 0x00000246b2ddb568]
Event: 5.656 Thread 0x00000246bf49dfb0 4730       3       org.springframework.boot.context.properties.bind.JavaBeanBinder$BeanProperties::addMethodIfPossible (82 bytes)
Event: 5.657 Thread 0x00000246bf49dfb0 nmethod 4730 0x00000246aba28210 code [0x00000246aba28500, 0x00000246aba29480]
Event: 5.658 Thread 0x00000246bf49dfb0 4733       3       org.springframework.core.convert.TypeDescriptor::getAnnotatedElement (29 bytes)
Event: 5.658 Thread 0x00000246bf49dfb0 nmethod 4733 0x00000246aba29a90 code [0x00000246aba29c40, 0x00000246aba29f98]
Event: 5.658 Thread 0x00000246bf49dfb0 4734       3       org.springframework.core.convert.TypeDescriptor$AnnotatedElementAdapter::isEmpty (14 bytes)
Event: 5.659 Thread 0x00000246bf49dfb0 nmethod 4734 0x00000246aba2a090 code [0x00000246aba2a240, 0x00000246aba2a3a8]
Event: 5.659 Thread 0x00000246bf49dfb0 4736       3       org.springframework.core.convert.TypeDescriptor::getAnnotations (8 bytes)
Event: 5.660 Thread 0x00000246bf49dfb0 nmethod 4736 0x00000246aba2a490 code [0x00000246aba2a6a0, 0x00000246aba2ad98]
Event: 5.660 Thread 0x00000246bf49dfb0 4737       3       org.springframework.core.convert.TypeDescriptor$AnnotatedElementAdapter::getAnnotations (25 bytes)
Event: 5.660 Thread 0x00000246bf49dfb0 nmethod 4737 0x00000246aba2af90 code [0x00000246aba2b160, 0x00000246aba2b538]
Event: 5.660 Thread 0x00000246bf49dfb0 4738       3       java.lang.invoke.LambdaFormEditor::filterArgumentForm (121 bytes)
Event: 5.660 Thread 0x00000246bf49dfb0 nmethod 4738 0x00000246aba2b690 code [0x00000246aba2b8a0, 0x00000246aba2bc98]
Event: 5.660 Thread 0x00000246bf49dfb0 4739       1       java.util.stream.FindOps$FindOp::getOpFlags (5 bytes)
Event: 5.660 Thread 0x00000246bf49dfb0 nmethod 4739 0x00000246b2ddb610 code [0x00000246b2ddb7a0, 0x00000246b2ddb868]
Event: 5.660 Thread 0x00000246bf49dfb0 4740   !   3       org.springframework.boot.context.properties.bind.JavaBeanBinder$BeanProperty::getAnnotations (22 bytes)
Event: 5.661 Thread 0x00000246bf49dfb0 nmethod 4740 0x00000246aba2bf10 code [0x00000246aba2c120, 0x00000246aba2c698]

GC Heap History (10 events):
Event: 0.964 GC heap before
{Heap before GC invocations=0 (full 0):
 garbage-first heap   total 126976K, used 24576K [0x0000000085c00000, 0x0000000100000000)
  region size 1024K, 23 young (23552K), 0 survivors (0K)
 Metaspace       used 4899K, committed 5120K, reserved 1114112K
  class space    used 553K, committed 704K, reserved 1048576K
}
Event: 0.969 GC heap after
{Heap after GC invocations=1 (full 0):
 garbage-first heap   total 126976K, used 7767K [0x0000000085c00000, 0x0000000100000000)
  region size 1024K, 3 young (3072K), 3 survivors (3072K)
 Metaspace       used 4899K, committed 5120K, reserved 1114112K
  class space    used 553K, committed 704K, reserved 1048576K
}
Event: 1.691 GC heap before
{Heap before GC invocations=1 (full 0):
 garbage-first heap   total 126976K, used 36439K [0x0000000085c00000, 0x0000000100000000)
  region size 1024K, 32 young (32768K), 3 survivors (3072K)
 Metaspace       used 12467K, committed 12800K, reserved 1114112K
  class space    used 1661K, committed 1792K, reserved 1048576K
}
Event: 1.696 GC heap after
{Heap after GC invocations=2 (full 0):
 garbage-first heap   total 126976K, used 10515K [0x0000000085c00000, 0x0000000100000000)
  region size 1024K, 3 young (3072K), 3 survivors (3072K)
 Metaspace       used 12467K, committed 12800K, reserved 1114112K
  class space    used 1661K, committed 1792K, reserved 1048576K
}
Event: 2.512 GC heap before
{Heap before GC invocations=2 (full 0):
 garbage-first heap   total 126976K, used 47379K [0x0000000085c00000, 0x0000000100000000)
  region size 1024K, 41 young (41984K), 3 survivors (3072K)
 Metaspace       used 21237K, committed 21504K, reserved 1114112K
  class space    used 2663K, committed 2816K, reserved 1048576K
}
Event: 2.518 GC heap after
{Heap after GC invocations=3 (full 0):
 garbage-first heap   total 126976K, used 14323K [0x0000000085c00000, 0x0000000100000000)
  region size 1024K, 7 young (7168K), 7 survivors (7168K)
 Metaspace       used 21237K, committed 21504K, reserved 1114112K
  class space    used 2663K, committed 2816K, reserved 1048576K
}
Event: 3.709 GC heap before
{Heap before GC invocations=4 (full 0):
 garbage-first heap   total 51200K, used 50163K [0x0000000085c00000, 0x0000000100000000)
  region size 1024K, 42 young (43008K), 7 survivors (7168K)
 Metaspace       used 25276K, committed 25664K, reserved 1114112K
  class space    used 3139K, committed 3328K, reserved 1048576K
}
Event: 3.716 GC heap after
{Heap after GC invocations=5 (full 0):
 garbage-first heap   total 61440K, used 16889K [0x0000000085c00000, 0x0000000100000000)
  region size 1024K, 7 young (7168K), 7 survivors (7168K)
 Metaspace       used 25276K, committed 25664K, reserved 1114112K
  class space    used 3139K, committed 3328K, reserved 1048576K
}
Event: 4.731 GC heap before
{Heap before GC invocations=5 (full 0):
 garbage-first heap   total 61440K, used 46585K [0x0000000085c00000, 0x0000000100000000)
  region size 1024K, 36 young (36864K), 7 survivors (7168K)
 Metaspace       used 30300K, committed 30720K, reserved 1114112K
  class space    used 3836K, committed 4032K, reserved 1048576K
}
Event: 4.738 GC heap after
{Heap after GC invocations=6 (full 0):
 garbage-first heap   total 61440K, used 19766K [0x0000000085c00000, 0x0000000100000000)
  region size 1024K, 4 young (4096K), 4 survivors (4096K)
 Metaspace       used 30300K, committed 30720K, reserved 1114112K
  class space    used 3836K, committed 4032K, reserved 1048576K
}

Dll operation events (9 events):
Event: 0.016 Loaded shared library C:\Users\Le Anh Duc\.p2\pool\plugins\org.eclipse.justj.openjdk.hotspot.jre.full.win32.x86_64_21.0.7.v20250502-0916\jre\bin\java.dll
Event: 0.045 Loaded shared library C:\Users\Le Anh Duc\.p2\pool\plugins\org.eclipse.justj.openjdk.hotspot.jre.full.win32.x86_64_21.0.7.v20250502-0916\jre\bin\zip.dll
Event: 0.457 Loaded shared library C:\Users\Le Anh Duc\.p2\pool\plugins\org.eclipse.justj.openjdk.hotspot.jre.full.win32.x86_64_21.0.7.v20250502-0916\jre\bin\net.dll
Event: 0.459 Loaded shared library C:\Users\Le Anh Duc\.p2\pool\plugins\org.eclipse.justj.openjdk.hotspot.jre.full.win32.x86_64_21.0.7.v20250502-0916\jre\bin\nio.dll
Event: 0.462 Loaded shared library C:\Users\Le Anh Duc\.p2\pool\plugins\org.eclipse.justj.openjdk.hotspot.jre.full.win32.x86_64_21.0.7.v20250502-0916\jre\bin\zip.dll
Event: 0.553 Loaded shared library C:\Users\Le Anh Duc\.p2\pool\plugins\org.eclipse.justj.openjdk.hotspot.jre.full.win32.x86_64_21.0.7.v20250502-0916\jre\bin\jimage.dll
Event: 0.833 Loaded shared library C:\Users\Le Anh Duc\.p2\pool\plugins\org.eclipse.justj.openjdk.hotspot.jre.full.win32.x86_64_21.0.7.v20250502-0916\jre\bin\management.dll
Event: 0.837 Loaded shared library C:\Users\Le Anh Duc\.p2\pool\plugins\org.eclipse.justj.openjdk.hotspot.jre.full.win32.x86_64_21.0.7.v20250502-0916\jre\bin\management_ext.dll
Event: 2.587 Loaded shared library C:\Users\Le Anh Duc\.p2\pool\plugins\org.eclipse.justj.openjdk.hotspot.jre.full.win32.x86_64_21.0.7.v20250502-0916\jre\bin\sunmscapi.dll

Deoptimization events (20 events):
Event: 5.468 Thread 0x00000247054f0490 DEOPT PACKING pc=0x00000246b2da9648 sp=0x000000805f2fd9c0
Event: 5.468 Thread 0x00000247054f0490 DEOPT UNPACKING pc=0x00000246b25f46a2 sp=0x000000805f2fd958 mode 2
Event: 5.468 Thread 0x00000247054f0490 Uncommon trap: trap_request=0xffffff45 fr.pc=0x00000246b2c125a8 relative=0x0000000000000a28
Event: 5.468 Thread 0x00000247054f0490 Uncommon trap: reason=unstable_if action=reinterpret pc=0x00000246b2c125a8 method=java.util.zip.ZipFile$Source.getEntryPos(Ljava/lang/String;Z)I @ 105 c2
Event: 5.468 Thread 0x00000247054f0490 DEOPT PACKING pc=0x00000246b2c125a8 sp=0x000000805f2fdaa0
Event: 5.468 Thread 0x00000247054f0490 DEOPT UNPACKING pc=0x00000246b25f46a2 sp=0x000000805f2fd9c8 mode 2
Event: 5.469 Thread 0x00000247054f0490 Uncommon trap: trap_request=0xffffff45 fr.pc=0x00000246b2c0b918 relative=0x0000000000003e98
Event: 5.469 Thread 0x00000247054f0490 Uncommon trap: reason=unstable_if action=reinterpret pc=0x00000246b2c0b918 method=sun.net.www.protocol.jar.Handler.parseURL(Ljava/net/URL;Ljava/lang/String;II)V @ 116 c2
Event: 5.469 Thread 0x00000247054f0490 DEOPT PACKING pc=0x00000246b2c0b918 sp=0x000000805f2fddc0
Event: 5.469 Thread 0x00000247054f0490 DEOPT UNPACKING pc=0x00000246b25f46a2 sp=0x000000805f2fdca8 mode 2
Event: 5.496 Thread 0x00000247054f0490 Uncommon trap: trap_request=0xffffffc6 fr.pc=0x00000246b2c4c500 relative=0x0000000000000840
Event: 5.496 Thread 0x00000247054f0490 Uncommon trap: reason=bimorphic_or_optimized_type_check action=maybe_recompile pc=0x00000246b2c4c500 method=java.util.regex.Pattern$Start.match(Ljava/util/regex/Matcher;ILjava/lang/CharSequence;)Z @ 44 c2
Event: 5.496 Thread 0x00000247054f0490 DEOPT PACKING pc=0x00000246b2c4c500 sp=0x000000805f2fdc40
Event: 5.496 Thread 0x00000247054f0490 DEOPT UNPACKING pc=0x00000246b25f46a2 sp=0x000000805f2fdb80 mode 2
Event: 5.560 Thread 0x00000247054f0490 Uncommon trap: trap_request=0xffffff45 fr.pc=0x00000246b2ce780c relative=0x000000000000006c
Event: 5.560 Thread 0x00000247054f0490 Uncommon trap: reason=unstable_if action=reinterpret pc=0x00000246b2ce780c method=java.lang.ClassLoader.createOrGetClassLoaderValueMap()Ljava/util/concurrent/ConcurrentHashMap; @ 6 c2
Event: 5.560 Thread 0x00000247054f0490 DEOPT PACKING pc=0x00000246b2ce780c sp=0x000000805f2fc6e0
Event: 5.560 Thread 0x00000247054f0490 DEOPT UNPACKING pc=0x00000246b25f46a2 sp=0x000000805f2fc668 mode 2
Event: 5.656 Thread 0x00000247054f0490 DEOPT PACKING pc=0x00000246ab95231c sp=0x000000805f2fb7c0
Event: 5.656 Thread 0x00000247054f0490 DEOPT UNPACKING pc=0x00000246b25f4e42 sp=0x000000805f2fac98 mode 0

Classes loaded (20 events):
Event: 5.500 Loading class java/util/zip/ZipFile$ZipEntryIterator
Event: 5.501 Loading class java/util/zip/ZipFile$ZipEntryIterator done
Event: 5.540 Loading class java/util/UUID$Holder
Event: 5.540 Loading class java/util/UUID$Holder done
Event: 5.577 Loading class java/util/stream/SortedOps$SizedRefSortingSink
Event: 5.577 Loading class java/util/stream/SortedOps$SizedRefSortingSink done
Event: 5.595 Loading class javax/net/ssl/SSLException
Event: 5.596 Loading class javax/net/ssl/SSLException done
Event: 5.596 Loading class java/io/EOFException
Event: 5.596 Loading class java/io/EOFException done
Event: 5.617 Loading class java/nio/channels/CompletionHandler
Event: 5.617 Loading class java/nio/channels/CompletionHandler done
Event: 5.636 Loading class java/util/concurrent/ScheduledThreadPoolExecutor$ScheduledFutureTask
Event: 5.636 Loading class java/util/concurrent/ScheduledThreadPoolExecutor$ScheduledFutureTask done
Event: 5.636 Loading class java/util/concurrent/Executors$RunnableAdapter
Event: 5.636 Loading class java/util/concurrent/Executors$RunnableAdapter done
Event: 5.636 Loading class java/util/concurrent/ThreadPoolExecutor$Worker
Event: 5.636 Loading class java/util/concurrent/ThreadPoolExecutor$Worker done
Event: 5.648 Loading class jdk/internal/event/ThreadSleepEvent
Event: 5.648 Loading class jdk/internal/event/ThreadSleepEvent done

Classes unloaded (0 events):
No events

Classes redefined (0 events):
No events

Internal exceptions (20 events):
Event: 4.645 Thread 0x00000247054f0490 Exception <a 'java/lang/NoSuchMethodError'{0x00000000873d5348}: 'java.lang.Object java.lang.invoke.DirectMethodHandle$Holder.invokeVirtual(java.lang.Object, java.lang.Object, java.lang.Object, java.lang.Object, java.lang.Object)'> (0x00000000873d5348) 
thrown [s\src\hotspot\share\interpreter\linkResolver.cpp, line 773]
Event: 4.753 Thread 0x00000247054f0490 Exception <a 'java/lang/NoSuchMethodError'{0x000000008d759398}: 'void java.lang.invoke.DirectMethodHandle$Holder.invokeStatic(java.lang.Object, java.lang.Object, int)'> (0x000000008d759398) 
thrown [s\src\hotspot\share\interpreter\linkResolver.cpp, line 773]
Event: 4.780 Thread 0x00000247054f0490 Exception <a 'java/lang/NoSuchMethodError'{0x000000008ae5afe0}: 'java.lang.Object java.lang.invoke.DirectMethodHandle$Holder.invokeVirtual(java.lang.Object, java.lang.Object, java.lang.Object, java.lang.Object, java.lang.Object, java.lang.Object)'> (0x000000008ae5afe0) 
thrown [s\src\hotspot\share\interpreter\linkResolver.cpp, line 773]
Event: 4.838 Thread 0x00000247054f0490 Exception <a 'java/lang/NoSuchMethodError'{0x000000008ad7a5e0}: 'void java.lang.invoke.DirectMethodHandle$Holder.invokeInterface(java.lang.Object, java.lang.Object, int)'> (0x000000008ad7a5e0) 
thrown [s\src\hotspot\share\interpreter\linkResolver.cpp, line 773]
Event: 4.844 Thread 0x00000247054f0490 Exception <a 'java/lang/IncompatibleClassChangeError'{0x000000008adbd068}: Found class java.lang.Object, but interface was expected> (0x000000008adbd068) 
thrown [s\src\hotspot\share\interpreter\linkResolver.cpp, line 840]
Event: 4.845 Thread 0x00000247054f0490 Exception <a 'java/lang/NoSuchMethodError'{0x000000008adcb200}: 'int java.lang.invoke.DirectMethodHandle$Holder.invokeSpecialIFC(java.lang.Object, java.lang.Object, java.lang.Object)'> (0x000000008adcb200) 
thrown [s\src\hotspot\share\interpreter\linkResolver.cpp, line 773]
Event: 4.848 Thread 0x00000247054f0490 Exception <a 'java/lang/NoSuchMethodError'{0x000000008ade0cf0}: 'void java.lang.invoke.DirectMethodHandle$Holder.invokeStatic(java.lang.Object, int, java.lang.Object)'> (0x000000008ade0cf0) 
thrown [s\src\hotspot\share\interpreter\linkResolver.cpp, line 773]
Event: 4.887 Thread 0x00000247054f0490 Exception <a 'java/lang/NoSuchMethodError'{0x000000008ac7e588}: 'void java.lang.invoke.DirectMethodHandle$Holder.invokeStatic(java.lang.Object, java.lang.Object, java.lang.Object, int, java.lang.Object)'> (0x000000008ac7e588) 
thrown [s\src\hotspot\share\interpreter\linkResolver.cpp, line 773]
Event: 4.888 Thread 0x00000247054f0490 Exception <a 'java/lang/NoSuchMethodError'{0x000000008ac85148}: 'java.lang.Object java.lang.invoke.DirectMethodHandle$Holder.newInvokeSpecial(java.lang.Object, java.lang.Object, java.lang.Object, int)'> (0x000000008ac85148) 
thrown [s\src\hotspot\share\interpreter\linkResolver.cpp, line 773]
Event: 4.888 Thread 0x00000247054f0490 Exception <a 'java/lang/NoSuchMethodError'{0x000000008ac88ff8}: 'java.lang.Object java.lang.invoke.DirectMethodHandle$Holder.invokeSpecial(java.lang.Object, java.lang.Object, java.lang.Object, java.lang.Object, int)'> (0x000000008ac88ff8) 
thrown [s\src\hotspot\share\interpreter\linkResolver.cpp, line 773]
Event: 4.889 Thread 0x00000247054f0490 Exception <a 'java/lang/NoSuchMethodError'{0x000000008ac8c490}: 'java.lang.Object java.lang.invoke.Invokers$Holder.linkToTargetMethod(java.lang.Object, java.lang.Object, int, java.lang.Object)'> (0x000000008ac8c490) 
thrown [s\src\hotspot\share\interpreter\linkResolver.cpp, line 773]
Event: 5.026 Thread 0x00000247054f0490 Exception <a 'java/lang/NoSuchMethodError'{0x000000008a821078}: 'java.lang.Object java.lang.invoke.DirectMethodHandle$Holder.invokeStaticInit(java.lang.Object, int, int, int, int)'> (0x000000008a821078) 
thrown [s\src\hotspot\share\interpreter\linkResolver.cpp, line 773]
Event: 5.080 Thread 0x00000247054f0490 Exception <a 'java/lang/NoSuchMethodError'{0x000000008a8e5c78}: 'java.lang.Object java.lang.invoke.DirectMethodHandle$Holder.invokeStaticInit(java.lang.Object, java.lang.Object, int, int, int, int)'> (0x000000008a8e5c78) 
thrown [s\src\hotspot\share\interpreter\linkResolver.cpp, line 773]
Event: 5.272 Thread 0x00000247054f0490 Exception <a 'java/lang/NoSuchMethodError'{0x000000008859fc00}: 'int java.lang.invoke.DirectMethodHandle$Holder.invokeStatic(java.lang.Object, int, java.lang.Object)'> (0x000000008859fc00) 
thrown [s\src\hotspot\share\interpreter\linkResolver.cpp, line 773]
Event: 5.381 Thread 0x00000247054f0490 Exception <a 'java/lang/NoSuchMethodError'{0x0000000088249638}: 'int java.lang.invoke.DirectMethodHandle$Holder.invokeVirtual(java.lang.Object, java.lang.Object, java.lang.Object, java.lang.Object)'> (0x0000000088249638) 
thrown [s\src\hotspot\share\interpreter\linkResolver.cpp, line 773]
Event: 5.382 Thread 0x00000247054f0490 Exception <a 'java/lang/NoSuchMethodError'{0x000000008824cf28}: 'int java.lang.invoke.DelegatingMethodHandle$Holder.reinvoke_L(java.lang.Object, java.lang.Object, java.lang.Object, java.lang.Object)'> (0x000000008824cf28) 
thrown [s\src\hotspot\share\interpreter\linkResolver.cpp, line 773]
Event: 5.436 Thread 0x00000247054f0490 Exception <a 'java/io/FileNotFoundException'{0x000000008815a600}> (0x000000008815a600) 
thrown [s\src\hotspot\share\prims\jni.cpp, line 520]
Event: 5.524 Thread 0x00000247054f0490 Exception <a 'java/lang/NoSuchMethodError'{0x0000000087ff8ef0}: 'int java.lang.invoke.DirectMethodHandle$Holder.invokeInterface(java.lang.Object, java.lang.Object, java.lang.Object, java.lang.Object)'> (0x0000000087ff8ef0) 
thrown [s\src\hotspot\share\interpreter\linkResolver.cpp, line 773]
Event: 5.618 Thread 0x00000247054f0490 Exception <a 'java/lang/NoSuchMethodError'{0x0000000087c750b0}: 'long java.lang.invoke.DirectMethodHandle$Holder.invokeVirtual(java.lang.Object, java.lang.Object)'> (0x0000000087c750b0) 
thrown [s\src\hotspot\share\interpreter\linkResolver.cpp, line 773]
Event: 5.624 Thread 0x00000247054f0490 Exception <a 'java/io/FileNotFoundException'{0x0000000087c9daa0}> (0x0000000087c9daa0) 
thrown [s\src\hotspot\share\prims\jni.cpp, line 520]

ZGC Phase Switch (0 events):
No events

VM Operations (20 events):
Event: 4.754 Executing VM operation: HandshakeAllThreads (Deoptimize)
Event: 4.754 Executing VM operation: HandshakeAllThreads (Deoptimize) done
Event: 5.049 Executing VM operation: HandshakeAllThreads (Deoptimize)
Event: 5.049 Executing VM operation: HandshakeAllThreads (Deoptimize) done
Event: 5.273 Executing VM operation: HandshakeAllThreads (Deoptimize)
Event: 5.273 Executing VM operation: HandshakeAllThreads (Deoptimize) done
Event: 5.322 Executing VM operation: HandshakeAllThreads (Deoptimize)
Event: 5.322 Executing VM operation: HandshakeAllThreads (Deoptimize) done
Event: 5.323 Executing VM operation: HandshakeAllThreads (Deoptimize)
Event: 5.323 Executing VM operation: HandshakeAllThreads (Deoptimize) done
Event: 5.494 Executing VM operation: HandshakeAllThreads (Deoptimize)
Event: 5.494 Executing VM operation: HandshakeAllThreads (Deoptimize) done
Event: 5.569 Executing VM operation: HandshakeAllThreads (Deoptimize)
Event: 5.569 Executing VM operation: HandshakeAllThreads (Deoptimize) done
Event: 5.570 Executing VM operation: HandshakeAllThreads (Deoptimize)
Event: 5.570 Executing VM operation: HandshakeAllThreads (Deoptimize) done
Event: 5.577 Executing VM operation: ICBufferFull
Event: 5.577 Executing VM operation: ICBufferFull done
Event: 5.629 Executing VM operation: HandshakeAllThreads (Deoptimize)
Event: 5.629 Executing VM operation: HandshakeAllThreads (Deoptimize) done

Memory protections (0 events):
No events

Nmethod flushes (0 events):
No events

Events (20 events):
Event: 0.046 Thread 0x00000246a76f2c90 Thread added: 0x00000246bf47a570
Event: 0.046 Thread 0x00000246a76f2c90 Thread added: 0x00000246bf47efd0
Event: 0.046 Thread 0x00000246a76f2c90 Thread added: 0x00000246bf4820a0
Event: 0.046 Thread 0x00000246a76f2c90 Thread added: 0x00000246bf483eb0
Event: 0.046 Thread 0x00000246a76f2c90 Thread added: 0x00000246bf489ad0
Event: 0.046 Thread 0x00000246a76f2c90 Thread added: 0x00000246bf4926e0
Event: 0.046 Thread 0x00000246a76f2c90 Thread added: 0x00000246bf494620
Event: 0.046 Thread 0x00000246a76f2c90 Thread added: 0x00000246bf49dfb0
Event: 0.102 Thread 0x00000246a76f2c90 Thread added: 0x00000246bf5d22b0
Event: 0.105 Thread 0x00000246a76f2c90 Thread added: 0x00000246bf5e0e80
Event: 0.475 Thread 0x00000246bf49dfb0 Thread added: 0x00000246bf6540a0
Event: 0.893 Thread 0x00000246a76f2c90 Thread added: 0x00000247054ecba0
Event: 0.898 Thread 0x00000247054ecba0 Thread added: 0x00000247054f0490
Event: 1.411 Thread 0x00000247054f0490 Thread added: 0x0000024705b20ba0
Event: 2.093 Thread 0x00000247054f0490 Thread added: 0x0000024706ce6660
Event: 2.238 Thread 0x0000024706ce6660 Thread exited: 0x0000024706ce6660
Event: 2.610 Thread 0x0000024705b20ba0 Thread exited: 0x0000024705b20ba0
Event: 5.639 Thread 0x00000247054f0490 Thread added: 0x00000247069ad310
Event: 5.641 Thread 0x00000247069ad310 Thread added: 0x00000247069ad9a0
Event: 5.648 Thread 0x00000247054f0490 Thread added: 0x00000247069aed50


Dynamic libraries:
0x00007ff6307f0000 - 0x00007ff6307fe000 	C:\Users\Le Anh Duc\.p2\pool\plugins\org.eclipse.justj.openjdk.hotspot.jre.full.win32.x86_64_21.0.7.v20250502-0916\jre\bin\javaw.exe
0x00007fff1e8e0000 - 0x00007fff1eb40000 	C:\WINDOWS\SYSTEM32\ntdll.dll
0x00007fff1d350000 - 0x00007fff1d417000 	C:\WINDOWS\System32\KERNEL32.DLL
0x00007fff1bb60000 - 0x00007fff1bf2a000 	C:\WINDOWS\System32\KERNELBASE.dll
0x0000000051310000 - 0x00000000513ae000 	C:\ProgramData\Symantec\Symantec Endpoint Protection\14.3.10148.8000.105\Data\Sysfer\x64\sysfer.dll
0x00007fff1bff0000 - 0x00007fff1c13b000 	C:\WINDOWS\System32\ucrtbase.dll
0x00007fff0b620000 - 0x00007fff0b63e000 	C:\Users\Le Anh Duc\.p2\pool\plugins\org.eclipse.justj.openjdk.hotspot.jre.full.win32.x86_64_21.0.7.v20250502-0916\jre\bin\VCRUNTIME140.dll
0x00007fff0b590000 - 0x00007fff0b5a8000 	C:\Users\Le Anh Duc\.p2\pool\plugins\org.eclipse.justj.openjdk.hotspot.jre.full.win32.x86_64_21.0.7.v20250502-0916\jre\bin\jli.dll
0x00007fff1df90000 - 0x00007fff1e15c000 	C:\WINDOWS\System32\USER32.dll
0x00007fff1bf30000 - 0x00007fff1bf57000 	C:\WINDOWS\System32\win32u.dll
0x00007fff1d320000 - 0x00007fff1d34a000 	C:\WINDOWS\System32\GDI32.dll
0x00007fff1c5a0000 - 0x00007fff1c6d1000 	C:\WINDOWS\System32\gdi32full.dll
0x00007ffefcba0000 - 0x00007ffefce37000 	C:\WINDOWS\WinSxS\amd64_microsoft.windows.common-controls_6595b64144ccf1df_6.0.26100.3624_none_3e086962e3345f24\COMCTL32.dll
0x00007fff1c430000 - 0x00007fff1c4d3000 	C:\WINDOWS\System32\msvcp_win.dll
0x00007fff1de60000 - 0x00007fff1df09000 	C:\WINDOWS\System32\msvcrt.dll
0x00007fff1d8b0000 - 0x00007fff1d8df000 	C:\WINDOWS\System32\IMM32.DLL
0x00007fff164e0000 - 0x00007fff164ec000 	C:\Users\Le Anh Duc\.p2\pool\plugins\org.eclipse.justj.openjdk.hotspot.jre.full.win32.x86_64_21.0.7.v20250502-0916\jre\bin\vcruntime140_1.dll
0x00007fff03e70000 - 0x00007fff03efd000 	C:\Users\Le Anh Duc\.p2\pool\plugins\org.eclipse.justj.openjdk.hotspot.jre.full.win32.x86_64_21.0.7.v20250502-0916\jre\bin\msvcp140.dll
0x00007ffe9e030000 - 0x00007ffe9edc0000 	C:\Users\Le Anh Duc\.p2\pool\plugins\org.eclipse.justj.openjdk.hotspot.jre.full.win32.x86_64_21.0.7.v20250502-0916\jre\bin\server\jvm.dll
0x00007fff1d260000 - 0x00007fff1d312000 	C:\WINDOWS\System32\ADVAPI32.dll
0x00007fff1daa0000 - 0x00007fff1db46000 	C:\WINDOWS\System32\sechost.dll
0x00007fff1e780000 - 0x00007fff1e896000 	C:\WINDOWS\System32\RPCRT4.dll
0x00007fff1df10000 - 0x00007fff1df84000 	C:\WINDOWS\System32\WS2_32.dll
0x00007fff1b910000 - 0x00007fff1b96e000 	C:\WINDOWS\SYSTEM32\POWRPROF.dll
0x00007fff12f70000 - 0x00007fff12fa6000 	C:\WINDOWS\SYSTEM32\WINMM.dll
0x00007ffefc650000 - 0x00007ffefc65b000 	C:\WINDOWS\SYSTEM32\VERSION.dll
0x00007fff1b8f0000 - 0x00007fff1b904000 	C:\WINDOWS\SYSTEM32\UMPDC.dll
0x00007fff1a8d0000 - 0x00007fff1a8ea000 	C:\WINDOWS\SYSTEM32\kernel.appcore.dll
0x00007fff0b5f0000 - 0x00007fff0b5fa000 	C:\Users\Le Anh Duc\.p2\pool\plugins\org.eclipse.justj.openjdk.hotspot.jre.full.win32.x86_64_21.0.7.v20250502-0916\jre\bin\jimage.dll
0x00007fff191c0000 - 0x00007fff19401000 	C:\WINDOWS\SYSTEM32\DBGHELP.DLL
0x00007fff1d520000 - 0x00007fff1d8a2000 	C:\WINDOWS\System32\combase.dll
0x00007fff1d130000 - 0x00007fff1d206000 	C:\WINDOWS\System32\OLEAUT32.dll
0x00007ffeb5670000 - 0x00007ffeb56a9000 	C:\WINDOWS\SYSTEM32\dbgcore.DLL
0x00007fff1bac0000 - 0x00007fff1bb59000 	C:\WINDOWS\System32\bcryptPrimitives.dll
0x00007fff03d90000 - 0x00007fff03daf000 	C:\Users\Le Anh Duc\.p2\pool\plugins\org.eclipse.justj.openjdk.hotspot.jre.full.win32.x86_64_21.0.7.v20250502-0916\jre\bin\java.dll
0x00007fff1c710000 - 0x00007fff1ce39000 	C:\WINDOWS\System32\SHELL32.dll
0x00007fff1c140000 - 0x00007fff1c2a8000 	C:\WINDOWS\System32\wintypes.dll
0x00007fff19780000 - 0x00007fff19fd2000 	C:\WINDOWS\SYSTEM32\windows.storage.dll
0x00007fff1d420000 - 0x00007fff1d50d000 	C:\WINDOWS\System32\SHCORE.dll
0x00007fff1dde0000 - 0x00007fff1de44000 	C:\WINDOWS\System32\shlwapi.dll
0x00007fff1b9d0000 - 0x00007fff1b9ff000 	C:\WINDOWS\SYSTEM32\profapi.dll
0x00007ffefdf20000 - 0x00007ffefdf38000 	C:\Users\Le Anh Duc\.p2\pool\plugins\org.eclipse.justj.openjdk.hotspot.jre.full.win32.x86_64_21.0.7.v20250502-0916\jre\bin\zip.dll
0x00007fff0b5b0000 - 0x00007fff0b5c0000 	C:\Users\Le Anh Duc\.p2\pool\plugins\org.eclipse.justj.openjdk.hotspot.jre.full.win32.x86_64_21.0.7.v20250502-0916\jre\bin\net.dll
0x00007fff0dec0000 - 0x00007fff0dfdd000 	C:\WINDOWS\SYSTEM32\WINHTTP.dll
0x00007fff1adf0000 - 0x00007fff1ae5a000 	C:\WINDOWS\system32\mswsock.dll
0x00007ffefd3f0000 - 0x00007ffefd406000 	C:\Users\Le Anh Duc\.p2\pool\plugins\org.eclipse.justj.openjdk.hotspot.jre.full.win32.x86_64_21.0.7.v20250502-0916\jre\bin\nio.dll
0x00007fff0b610000 - 0x00007fff0b61a000 	C:\Users\Le Anh Duc\.p2\pool\plugins\org.eclipse.justj.openjdk.hotspot.jre.full.win32.x86_64_21.0.7.v20250502-0916\jre\bin\management.dll
0x00007fff0b580000 - 0x00007fff0b58b000 	C:\Users\Le Anh Duc\.p2\pool\plugins\org.eclipse.justj.openjdk.hotspot.jre.full.win32.x86_64_21.0.7.v20250502-0916\jre\bin\management_ext.dll
0x00007fff1e1e0000 - 0x00007fff1e1e8000 	C:\WINDOWS\System32\PSAPI.DLL
0x00007fff0b200000 - 0x00007fff0b20e000 	C:\Users\Le Anh Duc\.p2\pool\plugins\org.eclipse.justj.openjdk.hotspot.jre.full.win32.x86_64_21.0.7.v20250502-0916\jre\bin\sunmscapi.dll
0x00007fff1c2b0000 - 0x00007fff1c427000 	C:\WINDOWS\System32\CRYPT32.dll
0x00007fff1b290000 - 0x00007fff1b2c0000 	C:\WINDOWS\SYSTEM32\ncrypt.dll
0x00007fff1b240000 - 0x00007fff1b27f000 	C:\WINDOWS\SYSTEM32\NTASN1.dll
0x00007fff1b090000 - 0x00007fff1b0ac000 	C:\WINDOWS\SYSTEM32\CRYPTSP.dll
0x00007fff1a830000 - 0x00007fff1a86a000 	C:\WINDOWS\system32\rsaenh.dll
0x00007fff1ae90000 - 0x00007fff1aebb000 	C:\WINDOWS\SYSTEM32\USERENV.dll
0x00007fff1b9a0000 - 0x00007fff1b9c6000 	C:\WINDOWS\SYSTEM32\bcrypt.dll
0x00007fff1b0b0000 - 0x00007fff1b0bc000 	C:\WINDOWS\SYSTEM32\CRYPTBASE.dll
0x00007fff1a350000 - 0x00007fff1a383000 	C:\WINDOWS\SYSTEM32\IPHLPAPI.DLL
0x00007fff1d8f0000 - 0x00007fff1d8fa000 	C:\WINDOWS\System32\NSI.dll

dbghelp: loaded successfully - version: 4.0.5 - missing functions: none
symbol engine: initialized successfully - sym options: 0x614 - pdb path: .;C:\Users\Le Anh Duc\.p2\pool\plugins\org.eclipse.justj.openjdk.hotspot.jre.full.win32.x86_64_21.0.7.v20250502-0916\jre\bin;C:\WINDOWS\SYSTEM32;C:\ProgramData\Symantec\Symantec Endpoint Protection\14.3.10148.8000.105\Data\Sysfer\x64;C:\WINDOWS\WinSxS\amd64_microsoft.windows.common-controls_6595b64144ccf1df_6.0.26100.3624_none_3e086962e3345f24;C:\Users\Le Anh Duc\.p2\pool\plugins\org.eclipse.justj.openjdk.hotspot.jre.full.win32.x86_64_21.0.7.v20250502-0916\jre\bin\server

VM Arguments:
jvm_args: -Dfile.encoding=UTF-8 -Dstdout.encoding=UTF-8 -Dstderr.encoding=UTF-8 -XX:+ShowCodeDetailsInExceptionMessages 
java_command: com.example.CuoiKi.CuoiKiApplication
java_class_path (initial): C:\test\work-space\CuoiKi\CuoiKi\CuoiKi\target\classes;C:\Users\Le Anh Duc\.m2\repository\org\springframework\boot\spring-boot-starter-data-jpa\3.4.4\spring-boot-starter-data-jpa-3.4.4.jar;C:\Users\Le Anh Duc\.m2\repository\org\springframework\boot\spring-boot-starter\3.4.4\spring-boot-starter-3.4.4.jar;C:\Users\Le Anh Duc\.m2\repository\org\springframework\boot\spring-boot-starter-logging\3.4.4\spring-boot-starter-logging-3.4.4.jar;C:\Users\Le Anh Duc\.m2\repository\ch\qos\logback\logback-classic\1.5.18\logback-classic-1.5.18.jar;C:\Users\Le Anh Duc\.m2\repository\ch\qos\logback\logback-core\1.5.18\logback-core-1.5.18.jar;C:\Users\Le Anh Duc\.m2\repository\org\apache\logging\log4j\log4j-to-slf4j\2.24.3\log4j-to-slf4j-2.24.3.jar;C:\Users\Le Anh Duc\.m2\repository\org\apache\logging\log4j\log4j-api\2.24.3\log4j-api-2.24.3.jar;C:\Users\Le Anh Duc\.m2\repository\org\slf4j\jul-to-slf4j\2.0.17\jul-to-slf4j-2.0.17.jar;C:\Users\Le Anh Duc\.m2\repository\jakarta\annotation\jakarta.annotation-api\2.1.1\jakarta.annotation-api-2.1.1.jar;C:\Users\Le Anh Duc\.m2\repository\org\yaml\snakeyaml\2.3\snakeyaml-2.3.jar;C:\Users\Le Anh Duc\.m2\repository\org\springframework\boot\spring-boot-starter-jdbc\3.4.4\spring-boot-starter-jdbc-3.4.4.jar;C:\Users\Le Anh Duc\.m2\repository\com\zaxxer\HikariCP\5.1.0\HikariCP-5.1.0.jar;C:\Users\Le Anh Duc\.m2\repository\org\springframework\spring-jdbc\6.2.5\spring-jdbc-6.2.5.jar;C:\Users\Le Anh Duc\.m2\repository\org\hibernate\orm\hibernate-core\6.6.11.Final\hibernate-core-6.6.11.Final.jar;C:\Users\Le Anh Duc\.m2\repository\jakarta\persistence\jakarta.persistence-api\3.1.0\jakarta.persistence-api-3.1.0.jar;C:\Users\Le Anh Duc\.m2\repository\jakarta\transaction\jakarta.transaction-api\2.0.1\jakarta.transaction-api-2.0.1.jar;C:\Users\Le Anh Duc\.m2\repository\org\hibernate\common\hibernate-commons-annotations\7.0.3.Final\hibernate-commons-annotations-7.0.3.Final.jar;C:\Users\Le Anh Duc\.m2\repository\io\smallrye\jandex\3.2.0\jandex-3.2.0.jar;C:\Users\Le Anh Duc\.m2\repository\net\bytebuddy\byte-buddy\1.15.11\byte-buddy-1.15.11.jar;C:\Users\Le Anh Duc\.m2\repository\org\glassfish\jaxb\jaxb-runtime\4.0.5\jaxb-runtime-4.0.5.jar;C:\Users\Le Anh Duc\.m2\repository\org\glassfish\jaxb\jaxb-core\4.0.5\jaxb-core-4.0.5.jar;C:\Users\Le Anh Duc\.m2\repository\org\glassfish\jaxb\txw2\4.0.5\txw2-4.0.5.jar;C:\Users\Le Anh Duc\.m2\repository\com\sun\istack\istack-commons-runtime\4.1.2\istack-commons-runtime-4.1.2.jar;C:\Users\Le Anh Duc\.m2\repository\jakarta\inject\jakarta.inject-api\2.0.1\jakarta.inject-api-2.0.1.jar;C:\Users\Le Anh Duc\.m2\repository\org\antlr\antlr4-runtime\4.13.0\antlr4-runtime-4.13.0.jar;C:\Users\Le Anh Duc\.m2\repository\org\springframework\data\spring-data-jpa\3.4.4\spring-data-jpa-3.4.4.jar;C:\Users\Le Anh Duc\.m2\repository\org\springframework\data\spring-data-commons\3.4.4\spring-data-commons-3.4.4.jar;C:\Users\Le Anh Duc\.m2\repository\org\springframework\spring-orm\6.2.5\spring-orm-6.2.5.jar;C:\Users\Le Anh Duc\.m2\repository\org\springframework\spring-context\6.2.5\spring-context-6.2.5.jar;C:\Users\Le Anh Duc\.m2\repository\org\springframework\spring-tx\6.2.5\spring-tx-6.2.5.jar;C:\Users\Le Anh Duc\.m2\repository\org\springframework\spring-beans\6.2.5\spring-beans-6.2.5.jar;C:\Users\Le Anh Duc\.m2\repository\org\springframework\spring-aspects\6.2.5\spring-aspects-6.2.5.jar;C:\Users\Le Anh Duc\.m2\repository\org\aspectj\aspectjweaver\1.9.23\aspectjweaver-1.9.23.jar;C:\Users\Le Anh Duc\.m2\repository\org\springframework\boot\spring-boot-starter-security\3.4.4\spring-boot-starter-security-3.4.4.jar;C:\Users\Le Anh Duc\.m2\repository\org\springframework\spring-aop\6.2.5\spring-aop-6.2.5.jar;C:\Users\Le Anh Duc\.m2\repository\org\springframework\security\spring-security-config\6.4.4\spring-security-config-6.4.4.jar;C:\Users\Le Anh Duc\.m2\repository\org\springframework\security\spring-security-web\6.4.4\spring-security-web-6.4.4.jar;C:\Users\Le Anh Duc\.m2\repository\org\springframework\spring-expression\6.2.5\spring-expression-6.2.5.jar;C:\Users\Le Anh Duc\.m2\repository\org\springframework\boot\spring-boot-starter-thymeleaf\3.4.4\spring-boot-starter-thymeleaf-3.4.4.jar;C:\Users\Le Anh Duc\.m2\repository\org\thymeleaf\thymeleaf-spring6\3.1.3.RELEASE\thymeleaf-spring6-3.1.3.RELEASE.jar;C:\Users\Le Anh Duc\.m2\repository\org\thymeleaf\thymeleaf\3.1.3.RELEASE\thymeleaf-3.1.3.RELEASE.jar;C:\Users\Le Anh Duc\.m2\repository\org\attoparser\attoparser\2.0.7.RELEASE\attoparser-2.0.7.RELEASE.jar;C:\Users\Le Anh Duc\.m2\repository\org\unbescape\unbescape\1.1.6.RELEASE\unbescape-1.1.6.RELEASE.jar;C:\Users\Le Anh Duc\.m2\repository\org\springframework\boot\spring-boot-starter-web\3.4.4\spring-boot-starter-web-3.4.4.jar;C:\Users\Le Anh Duc\.m2\repository\org\springframework\boot\spring-boot-starter-json\3.4.4\spring-boot-starter-json-3.4.4.jar;C:\Users\Le Anh Duc\.m2\repository\com\fasterxml\jackson\datatype\jackson-datatype-jdk8\2.18.3\jackson-datatype-jdk8-2.18.3.jar;C:\Users\Le Anh Duc\.m2\repository\com\fasterxml\jackson\datatype\jackson-datatype-jsr310\2.18.3\jackson-datatype-jsr310-2.18.3.jar;C:\Users\Le Anh Duc\.m2\repository\com\fasterxml\jackson\module\jackson-module-parameter-names\2.18.3\jackson-module-parameter-names-2.18.3.jar;C:\Users\Le Anh Duc\.m2\repository\org\springframework\boot\spring-boot-starter-tomcat\3.4.4\spring-boot-starter-tomcat-3.4.4.jar;C:\Users\Le Anh Duc\.m2\repository\org\apache\tomcat\embed\tomcat-embed-core\10.1.39\tomcat-embed-core-10.1.39.jar;C:\Users\Le Anh Duc\.m2\repository\org\apache\tomcat\embed\tomcat-embed-el\10.1.39\tomcat-embed-el-10.1.39.jar;C:\Users\Le Anh Duc\.m2\repository\org\apache\tomcat\embed\tomcat-embed-websocket\10.1.39\tomcat-embed-websocket-10.1.39.jar;C:\Users\Le Anh Duc\.m2\repository\org\springframework\spring-web\6.2.5\spring-web-6.2.5.jar;C:\Users\Le Anh Duc\.m2\repository\io\micrometer\micrometer-observation\1.14.5\micrometer-observation-1.14.5.jar;C:\Users\Le Anh Duc\.m2\repository\io\micrometer\micrometer-commons\1.14.5\micrometer-commons-1.14.5.jar;C:\Users\Le Anh Duc\.m2\repository\org\springframework\spring-webmvc\6.2.5\spring-webmvc-6.2.5.jar;C:\Users\Le Anh Duc\.m2\repository\org\thymeleaf\extras\thymeleaf-extras-springsecurity6\3.1.3.RELEASE\thymeleaf-extras-springsecurity6-3.1.3.RELEASE.jar;C:\Users\Le Anh Duc\.m2\repository\org\slf4j\slf4j-api\2.0.17\slf4j-api-2.0.17.jar;C:\Users\Le Anh Duc\.m2\repository\org\hibernate\validator\hibernate-validator\8.0.2.Final\hibernate-validator-8.0.2.Final.jar;C:\Users\Le Anh Duc\.m2\repository\jakarta\validation\jakarta.validation-api\3.0.2\jakarta.validation-api-3.0.2.jar;C:\Users\Le Anh Duc\.m2\repository\org\jboss\logging\jboss-logging\3.6.1.Final\jboss-logging-3.6.1.Final.jar;C:\Users\Le Anh Duc\.m2\repository\com\fasterxml\classmate\1.7.0\classmate-1.7.0.jar;C:\Users\Le Anh Duc\.m2\repository\com\microsoft\sqlserver\mssql-jdbc\12.8.1.jre11\mssql-jdbc-12.8.1.jre11.jar;C:\Users\Le Anh Duc\.m2\repository\org\springframework\boot\spring-boot-devtools\3.4.4\spring-boot-devtools-3.4.4.jar;C:\Users\Le Anh Duc\.m2\repository\org\springframework\boot\spring-boot\3.4.4\spring-boot-3.4.4.jar;C:\Users\Le Anh Duc\.m2\repository\org\springframework\boot\spring-boot-autoconfigure\3.4.4\spring-boot-autoconfigure-3.4.4.jar;C:\Users\Le Anh Duc\.m2\repository\jakarta\xml\bind\jakarta.xml.bind-api\4.0.2\jakarta.xml.bind-api-4.0.2.jar;C:\Users\Le Anh Duc\.m2\repository\jakarta\activation\jakarta.activation-api\2.1.3\jakarta.activation-api-2.1.3.jar;C:\Users\Le Anh Duc\.m2\repository\org\springframework\spring-core\6.2.5\spring-core-6.2.5.jar;C:\Users\Le Anh Duc\.m2\repository\org\springframework\spring-jcl\6.2.5\spring-jcl-6.2.5.jar;C:\Users\Le Anh Duc\.m2\repository\org\springframework\security\spring-security-core\6.4.4\spring-security-core-6.4.4.jar;C:\Users\Le Anh Duc\.m2\repository\org\springframework\security\spring-security-crypto\6.4.4\spring-security-crypto-6.4.4.jar;C:\Users\Le Anh Duc\.m2\repository\io\jsonwebtoken\jjwt-api\0.11.5\jjwt-api-0.11.5.jar;C:\Users\Le Anh Duc\.m2\repository\io\jsonwebtoken\jjwt-impl\0.11.5\jjwt-impl-0.11.5.jar;C:\Users\Le Anh Duc\.m2\repository\io\jsonwebtoken\jjwt-jackson\0.11.5\jjwt-jackson-0.11.5.jar;C:\Users\Le Anh Duc\.m2\repository\com\fasterxml\jackson\core\jackson-databind\2.18.3\jackson-databind-2.18.3.jar;C:\Users\Le Anh Duc\.m2\repository\com\fasterxml\jackson\core\jackson-annotations\2.18.3\jackson-annotations-2.18.3.jar;C:\Users\Le Anh Duc\.m2\repository\com\fasterxml\jackson\core\jackson-core\2.18.3\jackson-core-2.18.3.jar;C:\Users\Le Anh Duc\.m2\repository\org\springframework\boot\spring-boot-starter-mail\3.4.4\spring-boot-starter-mail-3.4.4.jar;C:\Users\Le Anh Duc\.m2\repository\org\springframework\spring-context-support\6.2.5\spring-context-support-6.2.5.jar;C:\Users\Le Anh Duc\.m2\repository\org\eclipse\angus\jakarta.mail\2.0.3\jakarta.mail-2.0.3.jar;C:\Users\Le Anh Duc\.m2\repository\org\eclipse\angus\angus-activation\2.0.2\angus-activation-2.0.2.jar;C:\Users\Le Anh Duc\.m2\repository\org\springdoc\springdoc-openapi-starter-webmvc-ui\2.3.0\springdoc-openapi-starter-webmvc-ui-2.3.0.jar;C:\Users\Le Anh Duc\.m2\repository\org\springdoc\springdoc-openapi-starter-webmvc-api\2.3.0\springdoc-openapi-starter-webmvc-api-2.3.0.jar;C:\Users\Le Anh Duc\.m2\repository\org\springdoc\springdoc-openapi-starter-common\2.3.0\springdoc-openapi-starter-common-2.3.0.jar;C:\Users\Le Anh Duc\.m2\repository\io\swagger\core\v3\swagger-core-jakarta\2.2.19\swagger-core-jakarta-2.2.19.jar;C:\Users\Le Anh Duc\.m2\repository\org\apache\commons\commons-lang3\3.17.0\commons-lang3-3.17.0.jar;C:\Users\Le Anh Duc\.m2\repository\io\swagger\core\v3\swagger-annotations-jakarta\2.2.19\swagger-annotations-jakarta-2.2.19.jar;C:\Users\Le Anh Duc\.m2\repository\io\swagger\core\v3\swagger-models-jakarta\2.2.19\swagger-models-jakarta-2.2.19.jar;C:\Users\Le Anh Duc\.m2\repository\com\fasterxml\jackson\dataformat\jackson-dataformat-yaml\2.18.3\jackson-dataformat-yaml-2.18.3.jar;C:\Users\Le Anh Duc\.m2\repository\org\webjars\swagger-ui\5.10.3\swagger-ui-5.10.3.jar
Launcher Type: SUN_STANDARD

[Global flags]
     intx CICompilerCount                          = 4                                         {product} {ergonomic}
     uint ConcGCThreads                            = 2                                         {product} {ergonomic}
     uint G1ConcRefinementThreads                  = 8                                         {product} {ergonomic}
   size_t G1HeapRegionSize                         = 1048576                                   {product} {ergonomic}
    uintx GCDrainStackTargetSize                   = 64                                        {product} {ergonomic}
   size_t InitialHeapSize                          = 130023424                                 {product} {ergonomic}
   size_t MarkStackSize                            = 4194304                                   {product} {ergonomic}
   size_t MaxHeapSize                              = 2051014656                                {product} {ergonomic}
   size_t MaxNewSize                               = 1229979648                                {product} {ergonomic}
   size_t MinHeapDeltaBytes                        = 1048576                                   {product} {ergonomic}
   size_t MinHeapSize                              = 8388608                                   {product} {ergonomic}
    uintx NonNMethodCodeHeapSize                   = 5839372                                {pd product} {ergonomic}
    uintx NonProfiledCodeHeapSize                  = 122909434                              {pd product} {ergonomic}
    uintx ProfiledCodeHeapSize                     = 122909434                              {pd product} {ergonomic}
    uintx ReservedCodeCacheSize                    = 251658240                              {pd product} {ergonomic}
     bool SegmentedCodeCache                       = true                                      {product} {ergonomic}
     bool ShowCodeDetailsInExceptionMessages       = true                                   {manageable} {command line}
   size_t SoftMaxHeapSize                          = 2051014656                             {manageable} {ergonomic}
     bool UseCompressedOops                        = true                           {product lp64_product} {ergonomic}
     bool UseG1GC                                  = true                                      {product} {ergonomic}
     bool UseLargePagesIndividualAllocation        = false                                  {pd product} {ergonomic}

Logging:
Log output configuration:
 #0: stdout all=warning uptime,level,tags foldmultilines=false
 #1: stderr all=off uptime,level,tags foldmultilines=false

Environment Variables:
PATH=C:/Users/Le Anh Duc/.p2/pool/plugins/org.eclipse.justj.openjdk.hotspot.jre.full.win32.x86_64_21.0.7.v20250502-0916/jre/bin/server;C:/Users/Le Anh Duc/.p2/pool/plugins/org.eclipse.justj.openjdk.hotspot.jre.full.win32.x86_64_21.0.7.v20250502-0916/jre/bin;C:\Program Files\Common Files\Oracle\Java\javapath;C:\WINDOWS\system32;C:\WINDOWS;C:\WINDOWS\System32\Wbem;C:\WINDOWS\System32\WindowsPowerShell\v1.0\;C:\WINDOWS\System32\OpenSSH\;C:\Program Files\nodejs\;C:\Program Files (x86)\Microsoft SQL Server\160\Tools\Binn\;C:\Program Files\Microsoft SQL Server\160\Tools\Binn\;C:\Program Files\Microsoft SQL Server\Client SDK\ODBC\170\Tools\Binn\;C:\Program Files\Microsoft SQL Server\160\DTS\Binn\;C:\Program Files (x86)\Microsoft SQL Server\160\DTS\Binn\;C:\Users\Le Anh Duc\AppData\Local\Microsoft\WindowsApps;C:\Users\Le Anh Duc\AppData\Roaming\npm;C:\Users\Le Anh Duc\AppData\Local\Programs\Microsoft VS Code\bin;C:\WINDOWS\System32;
USERNAME=Le Anh Duc
OS=Windows_NT
PROCESSOR_IDENTIFIER=Intel64 Family 6 Model 186 Stepping 3, GenuineIntel
TMP=C:\Users\LEANHD~1\AppData\Local\Temp
TEMP=C:\Users\LEANHD~1\AppData\Local\Temp




Periodic native trim disabled

---------------  S Y S T E M  ---------------

OS:
 Windows 11 , 64 bit Build 26100 (10.0.26100.3775)
OS uptime: 1 days 7:32 hours

CPU: total 8 (initial active 8) (4 cores per cpu, 2 threads per core) family 6 model 186 stepping 3 microcode 0x410e, cx8, cmov, fxsr, ht, mmx, 3dnowpref, sse, sse2, sse3, ssse3, sse4.1, sse4.2, popcnt, lzcnt, tsc, tscinvbit, avx, avx2, aes, erms, clmul, bmi1, bmi2, adx, sha, fma, vzeroupper, clflush, clflushopt, clwb, serialize, rdtscp, rdpid, fsrm, f16c, pku, cet_ibt, cet_ss
Processor Information for processor 0
  Max Mhz: 1200, Current Mhz: 1200, Mhz Limit: 1200
Processor Information for processor 1
  Max Mhz: 1200, Current Mhz: 1200, Mhz Limit: 1200
Processor Information for processor 2
  Max Mhz: 1200, Current Mhz: 1200, Mhz Limit: 1200
Processor Information for processor 3
  Max Mhz: 1200, Current Mhz: 1200, Mhz Limit: 1200
Processor Information for processor 4
  Max Mhz: 1200, Current Mhz: 900, Mhz Limit: 900
Processor Information for processor 5
  Max Mhz: 1200, Current Mhz: 900, Mhz Limit: 900
Processor Information for processor 6
  Max Mhz: 1200, Current Mhz: 900, Mhz Limit: 900
Processor Information for processor 7
  Max Mhz: 1200, Current Mhz: 900, Mhz Limit: 900

Memory: 4k page, system-wide physical 7817M (536M free)
TotalPageFile size 31369M (AvailPageFile size 7M)
current process WorkingSet (physical memory assigned to process): 209M, peak: 218M
current process commit charge ("private bytes"): 234M, peak: 269M

vm_info: OpenJDK 64-Bit Server VM (21.0.7+6-LTS) for windows-amd64 JRE (21.0.7+6-LTS), built on 2025-04-15T00:00:00Z by "admin" with MS VC++ 17.7 (VS2022)

END.
