version 2
JvmtiExport can_access_local_variables 0
JvmtiExport can_hotswap_or_post_breakpoint 0
JvmtiExport can_post_on_exceptions 0
# 220 ciObject found
instanceKlass org/springframework/boot/devtools/filewatch/FileSnapshot
ciInstanceKlass java/lang/Cloneable 1 0 7 100 1 100 1 1 1
instanceKlass org/apache/tomcat/PeriodicEventListener
instanceKlass  @bci org/apache/catalina/webresources/Cache backgroundProcess ()V 4 <appendix> argL0 ; # org/apache/catalina/webresources/Cache$$Lambda+0x000002f085b12f10
instanceKlass  @bci org/springframework/boot/devtools/restart/Restarter clear (Ljava/lang/Class;Ljava/lang/String;)V 55 <appendix> member <vmtarget> ; # org/springframework/boot/devtools/restart/Restarter$$Lambda+0x000002f085b12cc8
instanceKlass com/sun/beans/util/Cache$CacheEntry
instanceKlass com/sun/beans/util/Cache
instanceKlass com/sun/beans/introspect/ClassInfo
instanceKlass java/beans/WeakIdentityMap
instanceKlass java/beans/ThreadGroupContext
instanceKlass  @bci org/springframework/boot/SpringApplicationRunListeners ready (Lorg/springframework/context/ConfigurableApplicationContext;Ljava/time/Duration;)V 5 <appendix> member <vmtarget> ; # org/springframework/boot/SpringApplicationRunListeners$$Lambda+0x000002f085b128b8
instanceKlass  @bci org/springframework/boot/SpringApplication callRunners (Lorg/springframework/context/ConfigurableApplicationContext;Lorg/springframework/boot/ApplicationArguments;)V 125 <appendix> member <vmtarget> ; # org/springframework/boot/SpringApplication$$Lambda+0x000002f085b12690
instanceKlass java/util/IdentityHashMap$IdentityHashMapSpliterator
instanceKlass org/springframework/boot/SpringApplication$FactoryAwareOrderSourceProvider
instanceKlass org/springframework/boot/Runner
instanceKlass  @bci org/springframework/boot/SpringApplicationRunListeners started (Lorg/springframework/context/ConfigurableApplicationContext;Ljava/time/Duration;)V 5 <appendix> member <vmtarget> ; # org/springframework/boot/SpringApplicationRunListeners$$Lambda+0x000002f085b11c88
instanceKlass jdk/internal/math/MathUtils
instanceKlass jdk/internal/math/DoubleToDecimal
instanceKlass  @bci org/springframework/web/servlet/resource/ResourceUrlProvider lambda$detectResourceHandlers$1 (Lorg/springframework/web/servlet/handler/AbstractUrlHandlerMapping;)V 5 <appendix> member <vmtarget> ; # org/springframework/web/servlet/resource/ResourceUrlProvider$$Lambda+0x000002f085b11a60
instanceKlass  @bci org/springframework/web/servlet/resource/ResourceUrlProvider detectResourceHandlers (Lorg/springframework/context/ApplicationContext;)V 48 <appendix> member <vmtarget> ; # org/springframework/web/servlet/resource/ResourceUrlProvider$$Lambda+0x000002f085b11838
instanceKlass  @bci org/springframework/web/servlet/resource/ResourceUrlProvider detectResourceHandlers (Lorg/springframework/context/ApplicationContext;)V 37 <appendix> member <vmtarget> ; # org/springframework/web/servlet/resource/ResourceUrlProvider$$Lambda+0x000002f085b11600
instanceKlass  @bci org/springframework/web/servlet/resource/ResourceUrlProvider detectResourceHandlers (Lorg/springframework/context/ApplicationContext;)V 20 <appendix> member <vmtarget> ; # org/springframework/web/servlet/resource/ResourceUrlProvider$$Lambda+0x000002f085b113b8
instanceKlass  @bci org/springframework/boot/autoconfigure/condition/ConditionEvaluationReport addNoMatchOutcomeToAncestors (Ljava/lang/String;)V 13 <appendix> member <vmtarget> ; # org/springframework/boot/autoconfigure/condition/ConditionEvaluationReport$$Lambda+0x000002f085b11190
instanceKlass  @bci org/springframework/boot/autoconfigure/condition/ConditionEvaluationReport getConditionAndOutcomesBySource ()Ljava/util/Map; 12 <appendix> member <vmtarget> ; # org/springframework/boot/autoconfigure/condition/ConditionEvaluationReport$$Lambda+0x000002f085b10f68
instanceKlass  @bci org/springframework/boot/web/embedded/tomcat/TomcatWebServer getContextPath ()Ljava/lang/String; 70 <appendix> argL0 ; # org/springframework/boot/web/embedded/tomcat/TomcatWebServer$$Lambda+0x000002f085b10b20
instanceKlass  @bci org/springframework/boot/web/embedded/tomcat/TomcatWebServer getContextPath ()Ljava/lang/String; 60 <appendix> argL0 ; # org/springframework/boot/web/embedded/tomcat/TomcatWebServer$$Lambda+0x000002f085b108f0
instanceKlass  @bci org/springframework/boot/web/embedded/tomcat/TomcatWebServer getContextPath ()Ljava/lang/String; 50 <appendix> member <vmtarget> ; # org/springframework/boot/web/embedded/tomcat/TomcatWebServer$$Lambda+0x000002f085b106a8
instanceKlass  @bci org/springframework/boot/web/embedded/tomcat/TomcatWebServer getContextPath ()Ljava/lang/String; 39 <appendix> member <vmtarget> ; # org/springframework/boot/web/embedded/tomcat/TomcatWebServer$$Lambda+0x000002f085b10470
instanceKlass  @bci org/springframework/boot/web/embedded/tomcat/TomcatWebServer getContextPath ()Ljava/lang/String; 22 <appendix> member <vmtarget> ; # org/springframework/boot/web/embedded/tomcat/TomcatWebServer$$Lambda+0x000002f085b10228
instanceKlass  @bci org/springframework/boot/web/embedded/tomcat/TomcatEmbeddedContext lambda$deferredLoadOnStartup$0 ()V 9 <appendix> member <vmtarget> ; # org/springframework/boot/web/embedded/tomcat/TomcatEmbeddedContext$$Lambda+0x000002f085b10000
instanceKlass  @bci org/springframework/boot/web/embedded/tomcat/TomcatEmbeddedContext getLoadOnStartupWrappers ([Lorg/apache/catalina/Container;)Ljava/util/stream/Stream; 95 <appendix> argL0 ; # org/springframework/boot/web/embedded/tomcat/TomcatEmbeddedContext$$Lambda+0x000002f085b09400
instanceKlass java/util/TreeMap$TreeMapSpliterator
instanceKlass  @bci org/apache/coyote/AbstractProtocol startAsyncTimeout ()V 77 <appendix> member <vmtarget> ; # org/apache/coyote/AbstractProtocol$$Lambda+0x000002f085b09c30
instanceKlass  @bci org/springframework/boot/web/embedded/tomcat/TomcatEmbeddedContext deferredLoadOnStartup ()V 11 <appendix> member <vmtarget> ; # org/springframework/boot/web/embedded/tomcat/TomcatEmbeddedContext$$Lambda+0x000002f085b09a18
instanceKlass  @bci org/apache/coyote/AbstractProtocol start ()V 58 <appendix> member <vmtarget> ; # org/apache/coyote/AbstractProtocol$$Lambda+0x000002f085b09800
instanceKlass java/nio/channels/spi/AbstractSelector$1
instanceKlass org/apache/tomcat/util/net/Acceptor
instanceKlass java/nio/BufferMismatch
instanceKlass java/nio/channels/spi/AbstractInterruptibleChannel$1
instanceKlass sun/nio/ch/Interruptible
instanceKlass  @bci sun/nio/ch/UnixDomainSocketsUtil getTempDir ()Ljava/lang/String; 0 <appendix> argL0 ; # sun/nio/ch/UnixDomainSocketsUtil$$Lambda+0x000002f085625fb8
instanceKlass sun/nio/ch/UnixDomainSocketsUtil
instanceKlass sun/nio/ch/UnixDomainSockets
instanceKlass sun/nio/ch/PipeImpl$Initializer$LoopbackConnector
instanceKlass sun/nio/ch/PipeImpl$Initializer
instanceKlass java/nio/channels/Pipe
instanceKlass sun/nio/ch/WEPoll
instanceKlass sun/nio/ch/Util$2
instanceKlass java/nio/channels/Selector
instanceKlass org/apache/tomcat/util/collections/SynchronizedQueue
instanceKlass org/apache/tomcat/util/net/NioEndpoint$Poller
instanceKlass org/apache/tomcat/util/threads/ThreadPoolExecutor$RejectPolicy
instanceKlass org/apache/tomcat/util/threads/ThreadPoolExecutor$RejectedExecutionHandler
instanceKlass  @bci sun/nio/ch/ServerSocketAdaptor create (Lsun/nio/ch/ServerSocketChannelImpl;)Ljava/net/ServerSocket; 1 <appendix> member <vmtarget> ; # sun/nio/ch/ServerSocketAdaptor$$Lambda+0x000002f0856238c0
instanceKlass  @bci sun/nio/ch/DefaultSelectorProvider <clinit> ()V 0 <appendix> argL0 ; # sun/nio/ch/DefaultSelectorProvider$$Lambda+0x000002f085622fb8
instanceKlass sun/nio/ch/DefaultSelectorProvider
instanceKlass  @bci java/nio/channels/spi/SelectorProvider$Holder provider ()Ljava/nio/channels/spi/SelectorProvider; 0 <appendix> argL0 ; # java/nio/channels/spi/SelectorProvider$Holder$$Lambda+0x000002f085622720
instanceKlass java/nio/channels/spi/SelectorProvider$Holder
instanceKlass java/nio/channels/spi/SelectorProvider
instanceKlass  @bci org/springframework/context/support/DefaultLifecycleProcessor startBeans (Z)V 43 <appendix> argL0 ; # org/springframework/context/support/DefaultLifecycleProcessor$$Lambda+0x000002f085b0fd00
instanceKlass  @bci org/springframework/context/support/DefaultLifecycleProcessor lambda$startBeans$1 (ZLjava/util/Map;Ljava/util/Map;Ljava/lang/String;Lorg/springframework/context/Lifecycle;)V 32 <appendix> member <vmtarget> ; # org/springframework/context/support/DefaultLifecycleProcessor$$Lambda+0x000002f085b0f8c8
instanceKlass  @bci org/springframework/context/support/DefaultLifecycleProcessor startBeans (Z)V 18 <adapter> ; # java/lang/invoke/LambdaForm$MH+0x000002f085b09000
# instanceKlass java/lang/invoke/LambdaForm$DMH+0x000002f085b08c00
instanceKlass  @bci org/springframework/context/support/DefaultLifecycleProcessor startBeans (Z)V 18 <appendix> form vmentry <vmtarget> ; # java/lang/invoke/LambdaForm$DMH+0x000002f085b08800
instanceKlass  @bci org/springframework/context/support/DefaultLifecycleProcessor startBeans (Z)V 18 <appendix> member <vmtarget> ; # org/springframework/context/support/DefaultLifecycleProcessor$$Lambda+0x000002f085b0f6a0
instanceKlass  @cpi org/springframework/context/support/DefaultLifecycleProcessor 526 form vmentry <vmtarget> ; # java/lang/invoke/LambdaForm$DMH+0x000002f085b08400
instanceKlass org/springframework/util/ConcurrentReferenceHashMap$EntryIterator
instanceKlass  @bci org/springframework/beans/CachedIntrospectionResults clearClassLoader (Ljava/lang/ClassLoader;)V 44 <appendix> member <vmtarget> ; # org/springframework/beans/CachedIntrospectionResults$$Lambda+0x000002f085b0ee00
instanceKlass  @bci org/springframework/beans/CachedIntrospectionResults clearClassLoader (Ljava/lang/ClassLoader;)V 24 <appendix> member <vmtarget> ; # org/springframework/beans/CachedIntrospectionResults$$Lambda+0x000002f085b0ebb8
instanceKlass  @bci org/springframework/beans/CachedIntrospectionResults clearClassLoader (Ljava/lang/ClassLoader;)V 4 <appendix> member <vmtarget> ; # org/springframework/beans/CachedIntrospectionResults$$Lambda+0x000002f085b0e970
instanceKlass org/springframework/aop/aspectj/ShadowMatchUtils
instanceKlass jakarta/servlet/descriptor/JspConfigDescriptor
instanceKlass org/springframework/data/querydsl/binding/QuerydslBindings
instanceKlass org/springframework/data/querydsl/binding/QuerydslPredicate
instanceKlass  @bci org/springframework/context/event/EventListenerMethodProcessor processBean (Ljava/lang/String;Ljava/lang/Class;)V 32 <appendix> argL0 ; # org/springframework/context/event/EventListenerMethodProcessor$$Lambda+0x000002f085b0df60
instanceKlass org/springframework/context/event/EventListener
instanceKlass  @bci org/springframework/boot/devtools/restart/Restarter$LeakSafeThreadFactory newThread (Ljava/lang/Runnable;)Ljava/lang/Thread; 9 <appendix> member <vmtarget> ; # org/springframework/boot/devtools/restart/Restarter$LeakSafeThreadFactory$$Lambda+0x000002f085b0db58
instanceKlass  @bci org/springframework/boot/devtools/livereload/LiveReloadServer start ()I 73 <appendix> member <vmtarget> ; # org/springframework/boot/devtools/livereload/LiveReloadServer$$Lambda+0x000002f085b0d940
instanceKlass org/springframework/boot/devtools/livereload/Connection
instanceKlass org/springframework/boot/devtools/livereload/LiveReloadServer$WorkerThreadFactory
instanceKlass org/springframework/boot/devtools/restart/Restarter$LeakSafeThreadFactory
instanceKlass  @bci org/springframework/beans/factory/support/AbstractBeanFactory doGetBean (Ljava/lang/String;Ljava/lang/Class;[Ljava/lang/Object;Z)Ljava/lang/Object; 637 <appendix> member <vmtarget> ; # org/springframework/beans/factory/support/AbstractBeanFactory$$Lambda+0x000002f085b0d0e0
instanceKlass org/springframework/boot/devtools/filewatch/FileSystemWatcher$Watcher
instanceKlass org/springframework/boot/devtools/filewatch/FileSnapshot
instanceKlass  @bci org/springframework/boot/devtools/filewatch/DirectorySnapshot <init> (Ljava/io/File;)V 23 <appendix> member <vmtarget> ; # org/springframework/boot/devtools/filewatch/DirectorySnapshot$$Lambda+0x000002f085b0caa0
instanceKlass  @bci org/springframework/boot/devtools/filewatch/FileSystemWatcher createOrRestoreInitialSnapshots ()V 18 <appendix> member <vmtarget> ; # org/springframework/boot/devtools/filewatch/FileSystemWatcher$$Lambda+0x000002f085b0c878
instanceKlass org/springframework/boot/devtools/filewatch/DirectorySnapshot
instanceKlass org/springframework/boot/devtools/classpath/ClassPathFileChangeListener
instanceKlass  @bci org/springframework/boot/devtools/filewatch/FileSystemWatcher addSourceDirectory (Ljava/io/File;)V 19 <appendix> member <vmtarget> ; # org/springframework/boot/devtools/filewatch/FileSystemWatcher$$Lambda+0x000002f085b0c228
instanceKlass  @bci org/springframework/boot/devtools/filewatch/FileSystemWatcher addSourceDirectories (Ljava/lang/Iterable;)V 15 <appendix> member <vmtarget> ; # org/springframework/boot/devtools/filewatch/FileSystemWatcher$$Lambda+0x000002f085b0c000
instanceKlass org/springframework/boot/devtools/classpath/ClassPathDirectories
instanceKlass org/springframework/boot/devtools/filewatch/StaticSnapshotStateRepository
instanceKlass org/springframework/boot/devtools/filewatch/SnapshotStateRepository$1
instanceKlass org/springframework/boot/devtools/filewatch/SnapshotStateRepository
instanceKlass org/springframework/boot/devtools/filewatch/FileChangeListener
instanceKlass org/springframework/boot/devtools/filewatch/ChangedFile
instanceKlass org/springframework/boot/devtools/classpath/PatternClassPathRestartStrategy
instanceKlass  @bci org/springframework/boot/devtools/autoconfigure/LocalDevToolsAutoConfiguration$RestartConfiguration fileSystemWatcherFactory ()Lorg/springframework/boot/devtools/filewatch/FileSystemWatcherFactory; 1 <appendix> member <vmtarget> ; # org/springframework/boot/devtools/autoconfigure/LocalDevToolsAutoConfiguration$RestartConfiguration$$Lambda+0x000002f085b06ba0
instanceKlass org/springframework/boot/devtools/autoconfigure/RemoteDevToolsProperties$Proxy
instanceKlass org/springframework/boot/devtools/autoconfigure/RemoteDevToolsProperties$Restart
instanceKlass org/springframework/web/multipart/MultipartHttpServletRequest
# instanceKlass java/lang/invoke/LambdaForm$MH+0x000002f085b08000
instanceKlass  @bci org/springframework/boot/autoconfigure/web/client/RestClientAutoConfiguration restClientSsl (Lorg/springframework/beans/factory/ObjectProvider;Lorg/springframework/boot/ssl/SslBundles;)Lorg/springframework/boot/autoconfigure/web/client/AutoConfiguredRestClientSsl; 5 <appendix> argL0 ; # org/springframework/boot/autoconfigure/web/client/RestClientAutoConfiguration$$Lambda+0x000002f085b06378
instanceKlass org/springframework/transaction/reactive/TransactionalOperator
instanceKlass org/springframework/transaction/support/TransactionCallback
instanceKlass org/springframework/boot/LazyInitializationExcludeFilter
instanceKlass  @bci org/springframework/boot/task/SimpleAsyncTaskSchedulerBuilder append (Ljava/util/Set;Ljava/lang/Iterable;)Ljava/util/Set; 26 <appendix> member <vmtarget> ; # org/springframework/boot/task/SimpleAsyncTaskSchedulerBuilder$$Lambda+0x000002f085b04b00
instanceKlass  @bci org/springframework/boot/autoconfigure/task/TaskSchedulingConfigurations$SimpleAsyncTaskSchedulerBuilderConfiguration builder ()Lorg/springframework/boot/task/SimpleAsyncTaskSchedulerBuilder; 35 <appendix> member <vmtarget> ; # org/springframework/boot/autoconfigure/task/TaskSchedulingConfigurations$SimpleAsyncTaskSchedulerBuilderConfiguration$$Lambda+0x000002f085b048c8
instanceKlass org/springframework/boot/task/SimpleAsyncTaskSchedulerCustomizer
instanceKlass org/springframework/boot/autoconfigure/task/TaskSchedulingConfigurations
instanceKlass  @bci org/springframework/boot/task/ThreadPoolTaskSchedulerBuilder append (Ljava/util/Set;Ljava/lang/Iterable;)Ljava/util/Set; 26 <appendix> member <vmtarget> ; # org/springframework/boot/task/ThreadPoolTaskSchedulerBuilder$$Lambda+0x000002f085b042b8
instanceKlass org/springframework/boot/task/ThreadPoolTaskSchedulerCustomizer
instanceKlass org/springframework/security/web/servlet/support/csrf/CsrfRequestDataValueProcessor
instanceKlass org/springframework/security/web/debug/DebugFilter
instanceKlass org/springframework/web/filter/CompositeFilter
instanceKlass  @bci org/springframework/security/config/annotation/web/configuration/ObservationConfiguration$3 postProcess (Lorg/springframework/security/web/FilterChainProxy$FilterChainDecorator;)Lorg/springframework/security/web/FilterChainProxy$FilterChainDecorator; 4 <appendix> argL0 ; # org/springframework/security/config/annotation/web/configuration/ObservationConfiguration$3$$Lambda+0x000002f085b03818
instanceKlass org/springframework/security/web/FilterChainProxy$VirtualFilterChainDecorator
instanceKlass org/springframework/security/web/firewall/HttpStatusRequestRejectedHandler
instanceKlass  @bci org/springframework/security/web/firewall/StrictHttpFirewall <init> ()V 34 <appendix> argL0 ; # org/springframework/security/web/firewall/StrictHttpFirewall$$Lambda+0x000002f085b031a8
instanceKlass  @bci org/springframework/security/web/firewall/StrictHttpFirewall <clinit> ()V 338 <appendix> argL0 ; # org/springframework/security/web/firewall/StrictHttpFirewall$$Lambda+0x000002f085b02f68
instanceKlass  @bci org/springframework/security/web/firewall/StrictHttpFirewall <clinit> ()V 312 <appendix> argL0 ; # org/springframework/security/web/firewall/StrictHttpFirewall$$Lambda+0x000002f085b02d28
instanceKlass  @bci org/springframework/security/web/firewall/StrictHttpFirewall <clinit> ()V 295 <appendix> argL0 ; # org/springframework/security/web/firewall/StrictHttpFirewall$$Lambda+0x000002f085b02ae8
instanceKlass  @bci java/util/regex/CharPredicates CONTROL ()Ljava/util/regex/Pattern$CharPredicate; 0 <appendix> argL0 ; # java/util/regex/CharPredicates$$Lambda+0x000002f085621ae0
instanceKlass  @bci java/util/regex/CharPredicates ASSIGNED ()Ljava/util/regex/Pattern$CharPredicate; 0 <appendix> argL0 ; # java/util/regex/CharPredicates$$Lambda+0x000002f085621890
instanceKlass org/springframework/security/web/firewall/StrictHttpFirewall
instanceKlass org/springframework/security/web/FilterChainProxy$NullFilterChainValidator
instanceKlass org/springframework/security/web/access/RequestMatcherDelegatingWebInvocationPrivilegeEvaluator
instanceKlass  @bci org/springframework/security/config/annotation/web/builders/WebSecurity getRequestMatcherPrivilegeEvaluatorsEntry (Lorg/springframework/security/web/SecurityFilterChain;)Lorg/springframework/security/web/util/matcher/RequestMatcherEntry; 159 <appendix> member <vmtarget> ; # org/springframework/security/config/annotation/web/builders/WebSecurity$$Lambda+0x000002f085b01720
instanceKlass  @bci org/springframework/security/web/access/AuthorizationManagerWebInvocationPrivilegeEvaluator$HttpServletRequestTransformer <clinit> ()V 0 <appendix> argL0 ; # org/springframework/security/web/access/AuthorizationManagerWebInvocationPrivilegeEvaluator$HttpServletRequestTransformer$$Lambda+0x000002f085b01510
instanceKlass org/springframework/security/web/access/AuthorizationManagerWebInvocationPrivilegeEvaluator
instanceKlass  @bci org/springframework/security/config/annotation/web/builders/WebSecurity performBuild ()Ljakarta/servlet/Filter; 17 <appendix> argL0 ; # org/springframework/security/config/annotation/web/builders/WebSecurity$$Lambda+0x000002f085b010c8
instanceKlass  @bci org/springframework/security/config/annotation/web/configuration/WebSecurityConfiguration springSecurityFilterChain ()Ljakarta/servlet/Filter; 70 <appendix> member <vmtarget> ; # org/springframework/security/config/annotation/web/configuration/WebSecurityConfiguration$$Lambda+0x000002f085b00eb0
instanceKlass  @bci org/springframework/web/servlet/handler/HandlerMappingIntrospector createCacheFilter ()Ljakarta/servlet/Filter; 1 <appendix> member <vmtarget> ; # org/springframework/web/servlet/handler/HandlerMappingIntrospector$$Lambda+0x000002f085b00c78
instanceKlass  @bci org/springframework/beans/factory/support/DefaultSingletonBeanRegistry registerContainedBean (Ljava/lang/String;Ljava/lang/String;)V 12 <appendix> argL0 ; # org/springframework/beans/factory/support/DefaultSingletonBeanRegistry$$Lambda+0x000002f085b00a48
instanceKlass  @bci org/springframework/beans/factory/support/BeanDefinitionValueResolver resolveValueIfNecessary (Ljava/lang/Object;Ljava/lang/Object;)Ljava/lang/Object; 138 <appendix> member <vmtarget> ; # org/springframework/beans/factory/support/BeanDefinitionValueResolver$$Lambda+0x000002f085b00820
instanceKlass org/springframework/beans/factory/support/BeanDefinitionValueResolver$KeyedArgName
instanceKlass org/springframework/security/web/FilterChainProxy$FilterChainValidator
instanceKlass org/springframework/security/config/annotation/web/configuration/WebSecurityCustomizer
instanceKlass org/springframework/security/config/annotation/web/WebSecurityConfigurer
instanceKlass org/springframework/security/config/annotation/web/configuration/AutowiredWebSecurityConfigurersIgnoreParents
instanceKlass  @bci org/springframework/web/servlet/handler/HandlerMappingIntrospector afterPropertiesSet ()V 62 <appendix> argL0 ; # org/springframework/web/servlet/handler/HandlerMappingIntrospector$$Lambda+0x000002f085afd000
instanceKlass org/springframework/web/servlet/handler/PathPatternMatchableHandlerMapping
instanceKlass  @bci org/springframework/web/servlet/handler/HandlerMappingIntrospector afterPropertiesSet ()V 57 <appendix> argL0 ; # org/springframework/web/servlet/handler/HandlerMappingIntrospector$$Lambda+0x000002f085affb40
instanceKlass  @bci org/springframework/web/servlet/handler/HandlerMappingIntrospector afterPropertiesSet ()V 47 <appendix> argL0 ; # org/springframework/web/servlet/handler/HandlerMappingIntrospector$$Lambda+0x000002f085aff910
instanceKlass  @bci org/springframework/web/servlet/handler/HandlerMappingIntrospector afterPropertiesSet ()V 37 <appendix> argL0 ; # org/springframework/web/servlet/handler/HandlerMappingIntrospector$$Lambda+0x000002f085aff6d0
instanceKlass jakarta/servlet/ServletRequestWrapper
instanceKlass org/springframework/web/servlet/handler/HandlerMappingIntrospector$CachedResult
instanceKlass org/springframework/web/servlet/handler/HandlerMappingIntrospector$CacheResultLogHelper
instanceKlass org/springframework/security/config/annotation/web/configuration/ObservationConfiguration$3
instanceKlass  @bci org/springframework/security/config/annotation/web/builders/WebSecurity setApplicationContext (Lorg/springframework/context/ApplicationContext;)V 151 <appendix> argL0 ; # org/springframework/security/config/annotation/web/builders/WebSecurity$$Lambda+0x000002f085afb7d0
instanceKlass org/springframework/security/web/firewall/HttpFirewall
instanceKlass  @bci org/springframework/security/config/annotation/web/builders/WebSecurity <init> (Lorg/springframework/security/config/ObjectPostProcessor;)V 72 <appendix> argL0 ; # org/springframework/security/config/annotation/web/builders/WebSecurity$$Lambda+0x000002f085afb180
instanceKlass org/springframework/security/access/expression/DenyAllPermissionEvaluator
instanceKlass org/springframework/security/access/expression/SecurityExpressionOperations
instanceKlass org/springframework/security/access/PermissionEvaluator
instanceKlass org/springframework/security/access/expression/AbstractSecurityExpressionHandler
instanceKlass org/springframework/security/web/firewall/RequestRejectedHandler
# instanceKlass java/lang/invoke/LambdaForm$MH+0x000002f085afcc00
# instanceKlass java/lang/invoke/LambdaForm$MH+0x000002f085afc800
# instanceKlass java/lang/invoke/LambdaForm$MH+0x000002f085afc400
# instanceKlass java/lang/invoke/LambdaForm$MH+0x000002f085afc000
instanceKlass org/springframework/jdbc/core/simple/JdbcClient$StatementSpec
instanceKlass org/springframework/jdbc/core/simple/DefaultJdbcClient
instanceKlass org/springframework/jdbc/core/PreparedStatementCreatorFactory
instanceKlass  @bci org/springframework/jdbc/core/namedparam/NamedParameterJdbcTemplate <init> (Lorg/springframework/jdbc/core/JdbcOperations;)V 12 <appendix> argL0 ; # org/springframework/jdbc/core/namedparam/NamedParameterJdbcTemplate$$Lambda+0x000002f085af9710
instanceKlass org/springframework/jdbc/core/namedparam/ParsedSql
instanceKlass org/springframework/jdbc/core/namedparam/NamedParameterUtils
instanceKlass org/springframework/jdbc/core/namedparam/SqlParameterSource
instanceKlass org/springframework/jdbc/support/rowset/SqlRowSet
instanceKlass org/springframework/jdbc/core/ParameterizedPreparedStatementSetter
instanceKlass org/springframework/jdbc/core/RowCallbackHandler
instanceKlass org/springframework/jdbc/core/CallableStatementCallback
instanceKlass org/springframework/jdbc/support/KeyHolder
instanceKlass org/springframework/jdbc/core/PreparedStatementSetter
instanceKlass org/springframework/jdbc/core/SqlParameter
instanceKlass org/springframework/jdbc/core/RowMapper
instanceKlass org/springframework/jdbc/core/BatchPreparedStatementSetter
instanceKlass org/springframework/jdbc/core/ResultSetExtractor
instanceKlass org/springframework/jdbc/core/PreparedStatementCallback
instanceKlass org/springframework/jdbc/core/CallableStatementCreator
instanceKlass org/springframework/jdbc/core/PreparedStatementCreator
instanceKlass org/springframework/jdbc/core/StatementCallback
instanceKlass org/springframework/boot/info/InfoProperties
# instanceKlass java/lang/invoke/LambdaForm$MH+0x000002f085af5800
# instanceKlass java/lang/invoke/LambdaForm$MH+0x000002f085af5400
# instanceKlass java/lang/invoke/LambdaForm$MH+0x000002f085af5000
# instanceKlass java/lang/invoke/LambdaForm$MH+0x000002f085af4c00
# instanceKlass java/lang/invoke/LambdaForm$MH+0x000002f085af4800
instanceKlass  @bci java/lang/invoke/BootstrapMethodInvoker invoke (Ljava/lang/Class;Ljava/lang/invoke/MethodHandle;Ljava/lang/String;Ljava/lang/Object;Ljava/lang/Object;Ljava/lang/Class;)Ljava/lang/Object; 930 <adapter> ; # java/lang/invoke/LambdaForm$MH+0x000002f085af4400
instanceKlass org/springframework/http/client/JdkClientHttpRequestFactory
instanceKlass  @bci org/springframework/boot/http/client/AbstractClientHttpRequestFactoryBuilder <clinit> ()V 0 <appendix> argL0 ; # org/springframework/boot/http/client/AbstractClientHttpRequestFactoryBuilder$$Lambda+0x000002f085af3160
instanceKlass org/springframework/boot/http/client/AbstractClientHttpRequestFactoryBuilder
instanceKlass java/net/http/HttpClient
instanceKlass org/springframework/boot/http/client/JdkClientHttpRequestFactoryBuilder$Classes
instanceKlass org/springframework/boot/http/client/ReactorClientHttpRequestFactoryBuilder$Classes
instanceKlass org/springframework/boot/http/client/JettyClientHttpRequestFactoryBuilder$Classes
instanceKlass org/springframework/boot/http/client/HttpComponentsClientHttpRequestFactoryBuilder$Classes
instanceKlass org/springframework/data/domain/OffsetScrollPosition
instanceKlass  @bci org/springframework/data/web/config/SpringDataWebConfiguration customizeOffsetResolver (Lorg/springframework/data/web/OffsetScrollPositionHandlerMethodArgumentResolver;)V 8 <appendix> member <vmtarget> ; # org/springframework/data/web/config/SpringDataWebConfiguration$$Lambda+0x000002f085af1ea0
instanceKlass  @bci org/springframework/data/repository/config/RepositoryRegistrationAotProcessor setBeanFactory (Lorg/springframework/beans/factory/BeanFactory;)V 4 <appendix> member <vmtarget> ; # org/springframework/data/repository/config/RepositoryRegistrationAotProcessor$$Lambda+0x000002f085af1c88
instanceKlass org/springframework/core/convert/support/MapToMapConverter$MapEntry
instanceKlass org/springframework/aot/hint/RuntimeHints
instanceKlass org/springframework/aot/hint/annotation/ReflectiveRuntimeHintsRegistrar
instanceKlass org/springframework/data/repository/config/RepositoryRegistrationAotContribution
instanceKlass org/springframework/data/jpa/repository/support/JpaEvaluationContextExtension$JpaRootObject
# instanceKlass java/lang/invoke/LambdaForm$MH+0x000002f085af4000
instanceKlass org/springframework/context/support/DefaultLifecycleProcessor$LifecycleGroup
instanceKlass org/springframework/transaction/support/AbstractPlatformTransactionManager$SuspendedResourcesHolder
instanceKlass org/springframework/transaction/support/AbstractTransactionStatus
instanceKlass org/springframework/jdbc/datasource/JdbcTransactionObjectSupport
instanceKlass org/springframework/transaction/support/SmartTransactionObject
instanceKlass  @bci org/springframework/boot/autoconfigure/transaction/ExecutionListenersTransactionManagerCustomizer customize (Lorg/springframework/transaction/ConfigurableTransactionManager;)V 10 <appendix> member <vmtarget> ; # org/springframework/boot/autoconfigure/transaction/ExecutionListenersTransactionManagerCustomizer$$Lambda+0x000002f085aefb88
instanceKlass  @bci org/springframework/boot/autoconfigure/transaction/TransactionManagerCustomizers customize (Lorg/springframework/transaction/TransactionManager;)V 23 <appendix> member <vmtarget> ; # org/springframework/boot/autoconfigure/transaction/TransactionManagerCustomizers$$Lambda+0x000002f085aef960
# instanceKlass java/lang/invoke/LambdaForm$MH+0x000002f085aee800
instanceKlass  @bci org/springframework/boot/autoconfigure/orm/jpa/JpaBaseConfiguration transactionManager (Lorg/springframework/beans/factory/ObjectProvider;)Lorg/springframework/transaction/PlatformTransactionManager; 10 <appendix> member <vmtarget> ; # org/springframework/boot/autoconfigure/orm/jpa/JpaBaseConfiguration$$Lambda+0x000002f085aef738
instanceKlass org/springframework/transaction/TransactionExecutionListener
# instanceKlass java/lang/invoke/LambdaForm$MH+0x000002f085aee400
# instanceKlass java/lang/invoke/LambdaForm$MH+0x000002f085aee000
# instanceKlass java/lang/invoke/LambdaForm$MH+0x000002f085aedc00
# instanceKlass java/lang/invoke/LambdaForm$MH+0x000002f085aed800
# instanceKlass java/lang/invoke/LambdaForm$MH+0x000002f085aed400
# instanceKlass java/lang/invoke/LambdaForm$MH+0x000002f085aed000
# instanceKlass java/lang/invoke/LambdaForm$MH+0x000002f085aecc00
# instanceKlass java/lang/invoke/LambdaForm$MH+0x000002f085aec800
# instanceKlass java/lang/invoke/LambdaForm$MH+0x000002f085aec400
instanceKlass org/springdoc/core/models/ControllerAdviceInfo
# instanceKlass java/lang/invoke/LambdaForm$MH+0x000002f085aec000
# instanceKlass java/lang/invoke/LambdaForm$MH+0x000002f085aebc00
# instanceKlass java/lang/invoke/LambdaForm$MH+0x000002f085aeb800
# instanceKlass java/lang/invoke/LambdaForm$MH+0x000002f085aeb400
# instanceKlass java/lang/invoke/LambdaForm$MH+0x000002f085aeb000
# instanceKlass java/lang/invoke/LambdaForm$MH+0x000002f085aeac00
instanceKlass org/springdoc/core/models/ParameterId
instanceKlass  @bci org/springdoc/core/service/AbstractRequestService <init> (Lorg/springdoc/core/service/GenericParameterService;Lorg/springdoc/core/service/RequestBodyService;Lorg/springdoc/core/service/OperationService;Ljava/util/Optional;Lorg/springdoc/core/discoverer/SpringDocParameterNameDiscoverer;)V 21 <appendix> argL0 ; # org/springdoc/core/service/AbstractRequestService$$Lambda+0x000002f085ae67e8
# instanceKlass java/lang/invoke/LambdaForm$MH+0x000002f085aea800
# instanceKlass java/lang/invoke/LambdaForm$MH+0x000002f085aea400
# instanceKlass java/lang/invoke/LambdaForm$MH+0x000002f085aea000
# instanceKlass java/lang/invoke/LambdaForm$MH+0x000002f085ae9c00
# instanceKlass java/lang/invoke/LambdaForm$MH+0x000002f085ae9800
# instanceKlass java/lang/invoke/LambdaForm$MH+0x000002f085ae9400
# instanceKlass java/lang/invoke/LambdaForm$MH+0x000002f085ae9000
instanceKlass org/springdoc/core/customizers/ParameterCustomizer
instanceKlass  @bci org/springdoc/core/configuration/SpringDocUIConfiguration afterPropertiesSet ()V 4 <appendix> argL0 ; # org/springdoc/core/configuration/SpringDocUIConfiguration$$Lambda+0x000002f085ae63d8
instanceKlass io/swagger/v3/core/util/AnnotationsUtils
instanceKlass org/springframework/web/bind/annotation/RequestAttribute
instanceKlass org/springframework/web/bind/support/SessionStatus
instanceKlass  @bci org/springdoc/core/customizers/SpringDocCustomizers <init> (Ljava/util/Optional;Ljava/util/Optional;Ljava/util/Optional;Ljava/util/Optional;Ljava/util/Optional;Ljava/util/Optional;Ljava/util/Optional;Ljava/util/Optional;)V 33 <appendix> argL0 ; # org/springdoc/core/customizers/SpringDocCustomizers$$Lambda+0x000002f085ae50c8
# instanceKlass java/lang/invoke/LambdaForm$MH+0x000002f085ae8c00
# instanceKlass java/lang/invoke/LambdaForm$MH+0x000002f085ae8800
# instanceKlass java/lang/invoke/LambdaForm$MH+0x000002f085ae8400
instanceKlass org/springdoc/core/filters/GlobalOpenApiMethodFilter
instanceKlass org/springdoc/core/customizers/DataRestRouterOperationCustomizer
instanceKlass org/springdoc/core/customizers/RouterOperationCustomizer
# instanceKlass java/lang/invoke/LambdaForm$MH+0x000002f085ae8000
# instanceKlass java/lang/invoke/LambdaForm$MH+0x000002f085ae3c00
# instanceKlass java/lang/invoke/LambdaForm$MH+0x000002f085ae3800
# instanceKlass java/lang/invoke/LambdaForm$MH+0x000002f085ae3400
# instanceKlass java/lang/invoke/LambdaForm$DMH+0x000002f085ae3000
instanceKlass org/springframework/web/servlet/function/RouterFunctions$Visitor
instanceKlass org/springdoc/core/providers/SecurityOAuth2Provider
instanceKlass org/springdoc/core/configuration/SpringDocConfiguration$1
# instanceKlass java/lang/invoke/LambdaForm$MH+0x000002f085ae2c00
# instanceKlass java/lang/invoke/LambdaForm$MH+0x000002f085ae2800
# instanceKlass java/lang/invoke/LambdaForm$MH+0x000002f085ae2400
# instanceKlass java/lang/invoke/LambdaForm$MH+0x000002f085ae2000
# instanceKlass java/lang/invoke/LambdaForm$MH+0x000002f085ae1c00
instanceKlass org/springdoc/core/models/RequestBodyInfo
instanceKlass org/springdoc/core/models/ParameterInfo
instanceKlass org/springframework/web/multipart/MultipartRequest
instanceKlass org/springframework/web/multipart/MultipartFile
# instanceKlass java/lang/invoke/LambdaForm$MH+0x000002f085ae1800
# instanceKlass java/lang/invoke/LambdaForm$MH+0x000002f085ae1400
# instanceKlass java/lang/invoke/LambdaForm$MH+0x000002f085ae1000
# instanceKlass java/lang/invoke/LambdaForm$MH+0x000002f085ae0c00
# instanceKlass java/lang/invoke/LambdaForm$MH+0x000002f085ae0800
instanceKlass org/springdoc/core/customizers/DataRestDelegatingMethodParameterCustomizer$DefaultSort
instanceKlass org/springframework/data/web/PageableDefault
instanceKlass org/springdoc/core/customizers/DataRestDelegatingMethodParameterCustomizer
# instanceKlass java/lang/invoke/LambdaForm$MH+0x000002f085ae0400
# instanceKlass java/lang/invoke/LambdaForm$MH+0x000002f085ae0000
instanceKlass org/springdoc/core/providers/RepositoryRestConfigurationProvider
instanceKlass  @bci org/springdoc/core/converters/ModelConverterRegistrar <init> (Ljava/util/List;Lorg/springdoc/core/properties/SpringDocConfigProperties;)V 61 <appendix> member <vmtarget> ; # org/springdoc/core/converters/ModelConverterRegistrar$$Lambda+0x000002f085aded68
instanceKlass  @bci org/springdoc/core/converters/ModelConverterRegistrar getRegisteredConverterSameAs (Lio/swagger/v3/core/converter/ModelConverter;)Ljava/util/Optional; 29 <appendix> member <vmtarget> ; # org/springdoc/core/converters/ModelConverterRegistrar$$Lambda+0x000002f085adeb20
instanceKlass org/apache/commons/lang3/reflect/MemberUtils
instanceKlass org/apache/commons/lang3/Validate
instanceKlass org/apache/commons/lang3/reflect/FieldUtils
instanceKlass io/swagger/v3/core/jackson/TypeNameResolver
instanceKlass io/swagger/v3/core/jackson/AbstractModelConverter
instanceKlass io/swagger/v3/core/converter/ModelConverters
instanceKlass org/springdoc/core/converters/models/Sort
instanceKlass org/springdoc/core/converters/models/Pageable
# instanceKlass java/lang/invoke/LambdaForm$MH+0x000002f085adbc00
# instanceKlass java/lang/invoke/LambdaForm$MH+0x000002f085adb800
# instanceKlass java/lang/invoke/LambdaForm$MH+0x000002f085adb400
# instanceKlass java/lang/invoke/LambdaForm$MH+0x000002f085adb000
# instanceKlass java/lang/invoke/LambdaForm$MH+0x000002f085adac00
# instanceKlass java/lang/invoke/LambdaForm$MH+0x000002f085ada800
# instanceKlass java/lang/invoke/LambdaForm$DMH+0x000002f085ada400
instanceKlass io/swagger/v3/oas/annotations/security/SecurityScheme
instanceKlass io/swagger/v3/oas/annotations/security/OAuthFlows
instanceKlass io/swagger/v3/oas/annotations/security/OAuthFlow
instanceKlass io/swagger/v3/oas/annotations/security/OAuthScope
# instanceKlass java/lang/invoke/LambdaForm$MH+0x000002f085ada000
# instanceKlass java/lang/invoke/LambdaForm$MH+0x000002f085ad9c00
# instanceKlass java/lang/invoke/LambdaForm$MH+0x000002f085ad9800
instanceKlass org/springdoc/core/providers/JavadocProvider
instanceKlass org/springdoc/core/customizers/ServerBaseUrlCustomizer
instanceKlass org/springdoc/core/customizers/OpenApiBuilderCustomizer
instanceKlass io/swagger/v3/core/converter/ModelConverterContext
instanceKlass io/swagger/v3/core/converter/AnnotatedType
instanceKlass org/springframework/web/servlet/handler/HandlerExceptionResolverComposite
# instanceKlass java/lang/invoke/LambdaForm$MH+0x000002f085ad9400
# instanceKlass java/lang/invoke/LambdaForm$MH+0x000002f085ad9000
# instanceKlass java/lang/invoke/LambdaForm$MH+0x000002f085ad8c00
# instanceKlass java/lang/invoke/LambdaForm$MH+0x000002f085ad8800
# instanceKlass java/lang/invoke/LambdaForm$MH+0x000002f085ad8400
instanceKlass  @bci java/lang/invoke/BootstrapMethodInvoker invoke (Ljava/lang/Class;Ljava/lang/invoke/MethodHandle;Ljava/lang/String;Ljava/lang/Object;Ljava/lang/Object;Ljava/lang/Class;)Ljava/lang/Object; 862 <adapter> ; # java/lang/invoke/LambdaForm$MH+0x000002f085ad8000
instanceKlass  @bci org/springframework/web/method/annotation/ExceptionHandlerMethodResolver <init> (Ljava/lang/Class;)V 25 <appendix> member <vmtarget> ; # org/springframework/web/method/annotation/ExceptionHandlerMethodResolver$$Lambda+0x000002f085ad4cd0
instanceKlass org/springframework/web/method/annotation/ExceptionHandlerMappingInfo
instanceKlass  @bci org/springframework/web/method/annotation/ExceptionHandlerMethodResolver <clinit> ()V 0 <appendix> argL0 ; # org/springframework/web/method/annotation/ExceptionHandlerMethodResolver$$Lambda+0x000002f085ad4698
instanceKlass org/springframework/web/method/annotation/ExceptionHandlerMethodResolver
instanceKlass org/springframework/web/util/DisconnectedClientHelper
instanceKlass org/springframework/web/servlet/function/ServerResponse
instanceKlass org/springframework/web/servlet/function/ServerResponse$Context
instanceKlass  @bci org/springframework/validation/beanvalidation/MethodValidationAdapter <init> (Ljakarta/validation/Validator;)V 35 <appendix> member <vmtarget> ; # org/springframework/validation/beanvalidation/MethodValidationAdapter$$Lambda+0x000002f085ad3a00
instanceKlass org/springframework/web/method/annotation/HandlerMethodValidator$WebObjectNameResolver
instanceKlass org/springframework/web/method/annotation/HandlerMethodValidator
instanceKlass  @bci org/springframework/web/servlet/mvc/method/annotation/RequestMappingHandlerAdapter methodParamPredicate (Ljava/util/List;Ljava/lang/Class;)Ljava/util/function/Predicate; 2 <appendix> member <vmtarget> ; # org/springframework/web/servlet/mvc/method/annotation/RequestMappingHandlerAdapter$$Lambda+0x000002f085ad2930
instanceKlass org/springframework/web/servlet/mvc/method/annotation/ViewNameMethodReturnValueHandler
instanceKlass org/springframework/web/servlet/mvc/method/annotation/AsyncTaskMethodReturnValueHandler
instanceKlass org/springframework/util/concurrent/ListenableFutureCallback
instanceKlass org/springframework/web/servlet/mvc/method/annotation/DeferredResultMethodReturnValueHandler
instanceKlass org/springframework/web/servlet/mvc/method/annotation/CallableMethodReturnValueHandler
instanceKlass org/springframework/web/servlet/mvc/method/annotation/HttpHeadersReturnValueHandler
instanceKlass org/springframework/web/servlet/mvc/method/annotation/StreamingResponseBodyReturnValueHandler
instanceKlass org/springframework/web/servlet/mvc/method/annotation/ResponseBodyEmitter
instanceKlass org/springframework/web/servlet/mvc/method/annotation/ReactiveTypeHandler
instanceKlass  @bci org/springframework/util/MimeType appendTo (Ljava/util/Map;Ljava/lang/StringBuilder;)V 2 <appendix> member <vmtarget> ; # org/springframework/util/MimeType$$Lambda+0x000002f085ad0ec8
instanceKlass org/thymeleaf/TemplateSpec
instanceKlass  @bci org/springframework/boot/autoconfigure/thymeleaf/TemplateEngineConfigurations$DefaultTemplateEngineConfiguration templateEngine (Lorg/springframework/boot/autoconfigure/thymeleaf/ThymeleafProperties;Lorg/springframework/beans/factory/ObjectProvider;Lorg/springframework/beans/factory/ObjectProvider;)Lorg/thymeleaf/spring6/SpringTemplateEngine; 63 <appendix> member <vmtarget> ; # org/springframework/boot/autoconfigure/thymeleaf/TemplateEngineConfigurations$DefaultTemplateEngineConfiguration$$Lambda+0x000002f085ad03e8
instanceKlass org/springframework/web/server/ServerWebExchange
instanceKlass org/thymeleaf/extras/springsecurity6/util/SpringVersionUtils
instanceKlass org/thymeleaf/extras/springsecurity6/dialect/expression/SpringSecurityExpressionObjectFactory
instanceKlass  @bci org/springframework/boot/autoconfigure/thymeleaf/TemplateEngineConfigurations$DefaultTemplateEngineConfiguration templateEngine (Lorg/springframework/boot/autoconfigure/thymeleaf/ThymeleafProperties;Lorg/springframework/beans/factory/ObjectProvider;Lorg/springframework/beans/factory/ObjectProvider;)Lorg/thymeleaf/spring6/SpringTemplateEngine; 40 <appendix> member <vmtarget> ; # org/springframework/boot/autoconfigure/thymeleaf/TemplateEngineConfigurations$DefaultTemplateEngineConfiguration$$Lambda+0x000002f085ac9dc8
instanceKlass org/springframework/boot/autoconfigure/thymeleaf/TemplateEngineConfigurations
instanceKlass org/thymeleaf/templateresolver/TemplateResolution
instanceKlass org/thymeleaf/util/PatternSpec
instanceKlass org/thymeleaf/templateresource/ITemplateResource
instanceKlass org/thymeleaf/cache/ICacheEntryValidity
instanceKlass org/springframework/boot/autoconfigure/template/TemplateLocation
instanceKlass org/thymeleaf/DialectConfiguration
instanceKlass org/thymeleaf/templateparser/markup/decoupled/StandardDecoupledTemplateLogicResolver
instanceKlass org/thymeleaf/linkbuilder/AbstractLinkBuilder
instanceKlass org/thymeleaf/messageresolver/AbstractMessageResolver
instanceKlass org/thymeleaf/context/IEngineContext
instanceKlass org/thymeleaf/context/ITemplateContext
instanceKlass org/thymeleaf/context/IExpressionContext
instanceKlass org/thymeleaf/context/IContext
instanceKlass org/thymeleaf/context/StandardEngineContextFactory
instanceKlass org/thymeleaf/cache/StandardParsedTemplateEntryValidator
instanceKlass org/thymeleaf/cache/ICache
instanceKlass org/thymeleaf/cache/ICacheEntryValidityChecker
instanceKlass org/thymeleaf/cache/AbstractCacheManager
instanceKlass org/thymeleaf/util/ClassLoaderUtils
instanceKlass org/thymeleaf/util/Validate
instanceKlass org/thymeleaf/util/VersionUtils$VersionSpec
instanceKlass org/thymeleaf/util/VersionUtils
instanceKlass org/springframework/core/SpringVersion
instanceKlass org/thymeleaf/spring6/util/SpringVersionUtils
instanceKlass org/thymeleaf/spring6/util/SpringReactiveModelAdditionsUtils
instanceKlass org/thymeleaf/standard/expression/IStandardVariableExpressionEvaluator
instanceKlass org/thymeleaf/standard/serializer/IStandardJavaScriptSerializer
instanceKlass org/thymeleaf/standard/serializer/IStandardCSSSerializer
instanceKlass org/thymeleaf/expression/IExpressionObjectFactory
instanceKlass org/thymeleaf/standard/expression/IStandardExpressionParser
instanceKlass org/thymeleaf/standard/expression/IStandardConversionService
instanceKlass org/thymeleaf/IThrottledTemplateProcessor
instanceKlass org/thymeleaf/IEngineConfiguration
instanceKlass org/thymeleaf/templateparser/markup/decoupled/IDecoupledTemplateLogicResolver
instanceKlass org/thymeleaf/linkbuilder/ILinkBuilder
instanceKlass org/thymeleaf/messageresolver/IMessageResolver
instanceKlass org/thymeleaf/context/IEngineContextFactory
instanceKlass org/thymeleaf/cache/ICacheManager
# instanceKlass java/lang/invoke/LambdaForm$MH+0x000002f085ac8800
# instanceKlass java/lang/invoke/LambdaForm$MH+0x000002f085ac8400
instanceKlass org/springframework/core/NestedExceptionUtils
instanceKlass org/springframework/web/servlet/view/ContentNegotiatingViewResolver$1
instanceKlass  @bci org/springframework/web/servlet/view/AbstractCachingViewResolver <clinit> ()V 10 <appendix> argL0 ; # org/springframework/web/servlet/view/AbstractCachingViewResolver$$Lambda+0x000002f085ac75f8
instanceKlass  @cpi org/springframework/web/servlet/view/AbstractCachingViewResolver 223 form vmentry <vmtarget> ; # java/lang/invoke/LambdaForm$DMH+0x000002f085ac8000
instanceKlass org/springframework/web/servlet/view/AbstractCachingViewResolver$CacheFilter
instanceKlass org/springframework/web/servlet/view/AbstractCachingViewResolver$1
instanceKlass org/springframework/web/servlet/SmartView
instanceKlass org/springframework/web/servlet/view/ViewResolverComposite
instanceKlass org/springframework/web/servlet/config/annotation/UrlBasedViewResolverRegistration
instanceKlass org/springframework/web/servlet/mvc/method/annotation/ResponseBodyEmitter$Handler
instanceKlass org/springframework/web/servlet/mvc/method/annotation/ResponseBodyEmitterReturnValueHandler
instanceKlass org/springframework/web/servlet/mvc/method/annotation/ViewMethodReturnValueHandler
instanceKlass org/springframework/web/servlet/mvc/method/annotation/ModelAndViewMethodReturnValueHandler
instanceKlass org/springframework/web/servlet/mvc/method/annotation/PrincipalMethodArgumentResolver
instanceKlass org/springframework/web/servlet/mvc/method/annotation/UriComponentsBuilderMethodArgumentResolver
instanceKlass org/springframework/web/method/annotation/SessionStatusMethodArgumentResolver
instanceKlass org/springframework/web/method/annotation/ErrorsMethodArgumentResolver
instanceKlass org/springframework/web/method/annotation/MapMethodProcessor
instanceKlass org/springframework/web/method/annotation/ModelMethodProcessor
instanceKlass org/springframework/web/servlet/mvc/support/RedirectAttributes
instanceKlass org/springframework/ui/Model
instanceKlass org/springframework/web/servlet/mvc/method/annotation/RedirectAttributesMethodArgumentResolver
instanceKlass org/springframework/web/servlet/mvc/method/annotation/ServletResponseMethodArgumentResolver
instanceKlass org/springframework/web/servlet/mvc/method/annotation/ServletRequestMethodArgumentResolver
instanceKlass org/springframework/web/method/annotation/RequestHeaderMapMethodArgumentResolver
instanceKlass  @bci org/springframework/web/accept/ContentNegotiationManager getAllFileExtensions ()Ljava/util/List; 1 <appendix> argL0 ; # org/springframework/web/accept/ContentNegotiationManager$$Lambda+0x000002f085ac0498
instanceKlass org/springframework/web/servlet/mvc/method/annotation/RequestResponseBodyAdviceChain
instanceKlass org/springframework/core/io/support/ResourceRegion
instanceKlass org/springframework/core/ParameterizedTypeReference
instanceKlass org/springframework/web/servlet/mvc/method/annotation/AbstractMessageConverterMethodArgumentResolver
instanceKlass org/springframework/validation/DataBinder
instanceKlass org/springframework/web/servlet/mvc/method/annotation/MatrixVariableMapMethodArgumentResolver
instanceKlass org/springframework/web/servlet/mvc/method/annotation/PathVariableMapMethodArgumentResolver
instanceKlass org/springframework/web/method/annotation/RequestParamMapMethodArgumentResolver
instanceKlass org/springframework/web/method/annotation/AbstractNamedValueMethodArgumentResolver$NamedValueInfo
instanceKlass org/springframework/web/method/annotation/AbstractNamedValueMethodArgumentResolver
instanceKlass org/springframework/web/bind/annotation/InitBinder
instanceKlass org/springframework/web/bind/annotation/ModelAttribute
instanceKlass  @bci org/springframework/core/MethodIntrospector selectMethods (Ljava/lang/Class;Lorg/springframework/util/ReflectionUtils$MethodFilter;)Ljava/util/Set; 2 <appendix> member <vmtarget> ; # org/springframework/core/MethodIntrospector$$Lambda+0x000002f085aba580
instanceKlass  @bci org/springframework/web/method/HandlerTypePredicate$Builder basePackageClass ([Ljava/lang/Class;)Lorg/springframework/web/method/HandlerTypePredicate$Builder; 5 <appendix> member <vmtarget> ; # org/springframework/web/method/HandlerTypePredicate$Builder$$Lambda+0x000002f085aba358
instanceKlass  @bci org/springframework/web/method/HandlerTypePredicate$Builder basePackage ([Ljava/lang/String;)Lorg/springframework/web/method/HandlerTypePredicate$Builder; 15 <appendix> member <vmtarget> ; # org/springframework/web/method/HandlerTypePredicate$Builder$$Lambda+0x000002f085aba130
instanceKlass  @bci org/springframework/web/method/HandlerTypePredicate$Builder basePackage ([Ljava/lang/String;)Lorg/springframework/web/method/HandlerTypePredicate$Builder; 4 <appendix> argL0 ; # org/springframework/web/method/HandlerTypePredicate$Builder$$Lambda+0x000002f085ab9ef0
instanceKlass org/springframework/web/method/HandlerTypePredicate$Builder
instanceKlass org/springframework/web/method/HandlerTypePredicate
instanceKlass  @bci org/springframework/web/method/ControllerAdviceBean <init> (Ljava/lang/String;Lorg/springframework/beans/factory/BeanFactory;Lorg/springframework/web/bind/annotation/ControllerAdvice;)V 25 <appendix> member <vmtarget> ; # org/springframework/web/method/ControllerAdviceBean$$Lambda+0x000002f085ab9870
instanceKlass org/springframework/web/method/annotation/SessionAttributesHandler
instanceKlass org/springframework/web/method/ControllerAdviceBean
instanceKlass org/springframework/web/method/annotation/ModelFactory
instanceKlass org/springframework/web/method/support/HandlerMethodReturnValueHandlerComposite
instanceKlass org/springframework/web/method/support/HandlerMethodArgumentResolverComposite
instanceKlass org/springframework/scheduling/concurrent/ExecutorLifecycleDelegate
instanceKlass  @bci org/springframework/boot/task/ThreadPoolTaskExecutorBuilder configure (Lorg/springframework/scheduling/concurrent/ThreadPoolTaskExecutor;)Lorg/springframework/scheduling/concurrent/ThreadPoolTaskExecutor; 238 <appendix> member <vmtarget> ; # org/springframework/boot/task/ThreadPoolTaskExecutorBuilder$$Lambda+0x000002f085ab88a8
instanceKlass  @bci org/springframework/boot/task/ThreadPoolTaskExecutorBuilder configure (Lorg/springframework/scheduling/concurrent/ThreadPoolTaskExecutor;)Lorg/springframework/scheduling/concurrent/ThreadPoolTaskExecutor; 216 <appendix> member <vmtarget> ; # org/springframework/boot/task/ThreadPoolTaskExecutorBuilder$$Lambda+0x000002f085ab8680
instanceKlass  @bci org/springframework/boot/task/ThreadPoolTaskExecutorBuilder configure (Lorg/springframework/scheduling/concurrent/ThreadPoolTaskExecutor;)Lorg/springframework/scheduling/concurrent/ThreadPoolTaskExecutor; 191 <appendix> member <vmtarget> ; # org/springframework/boot/task/ThreadPoolTaskExecutorBuilder$$Lambda+0x000002f085ab8458
instanceKlass  @cpi org/springframework/boot/task/ThreadPoolTaskExecutorBuilder 302 form vmentry <vmtarget> ; # java/lang/invoke/LambdaForm$DMH+0x000002f085abc000
instanceKlass  @bci org/springframework/boot/task/ThreadPoolTaskExecutorBuilder configure (Lorg/springframework/scheduling/concurrent/ThreadPoolTaskExecutor;)Lorg/springframework/scheduling/concurrent/ThreadPoolTaskExecutor; 177 <appendix> argL0 ; # org/springframework/boot/task/ThreadPoolTaskExecutorBuilder$$Lambda+0x000002f085ab8228
instanceKlass  @bci org/springframework/boot/task/ThreadPoolTaskExecutorBuilder configure (Lorg/springframework/scheduling/concurrent/ThreadPoolTaskExecutor;)Lorg/springframework/scheduling/concurrent/ThreadPoolTaskExecutor; 161 <appendix> member <vmtarget> ; # org/springframework/boot/task/ThreadPoolTaskExecutorBuilder$$Lambda+0x000002f085ab8000
instanceKlass  @bci org/springframework/boot/task/ThreadPoolTaskExecutorBuilder configure (Lorg/springframework/scheduling/concurrent/ThreadPoolTaskExecutor;)Lorg/springframework/scheduling/concurrent/ThreadPoolTaskExecutor; 139 <appendix> member <vmtarget> ; # org/springframework/boot/task/ThreadPoolTaskExecutorBuilder$$Lambda+0x000002f085ab7c80
instanceKlass  @bci org/springframework/boot/task/ThreadPoolTaskExecutorBuilder configure (Lorg/springframework/scheduling/concurrent/ThreadPoolTaskExecutor;)Lorg/springframework/scheduling/concurrent/ThreadPoolTaskExecutor; 117 <appendix> member <vmtarget> ; # org/springframework/boot/task/ThreadPoolTaskExecutorBuilder$$Lambda+0x000002f085ab7a58
instanceKlass  @bci org/springframework/boot/task/ThreadPoolTaskExecutorBuilder configure (Lorg/springframework/scheduling/concurrent/ThreadPoolTaskExecutor;)Lorg/springframework/scheduling/concurrent/ThreadPoolTaskExecutor; 95 <appendix> member <vmtarget> ; # org/springframework/boot/task/ThreadPoolTaskExecutorBuilder$$Lambda+0x000002f085ab7830
instanceKlass  @bci org/springframework/boot/task/ThreadPoolTaskExecutorBuilder configure (Lorg/springframework/scheduling/concurrent/ThreadPoolTaskExecutor;)Lorg/springframework/scheduling/concurrent/ThreadPoolTaskExecutor; 81 <appendix> argL0 ; # org/springframework/boot/task/ThreadPoolTaskExecutorBuilder$$Lambda+0x000002f085ab7600
instanceKlass  @bci org/springframework/boot/task/ThreadPoolTaskExecutorBuilder configure (Lorg/springframework/scheduling/concurrent/ThreadPoolTaskExecutor;)Lorg/springframework/scheduling/concurrent/ThreadPoolTaskExecutor; 65 <appendix> member <vmtarget> ; # org/springframework/boot/task/ThreadPoolTaskExecutorBuilder$$Lambda+0x000002f085ab73d8
instanceKlass  @bci org/springframework/boot/task/ThreadPoolTaskExecutorBuilder configure (Lorg/springframework/scheduling/concurrent/ThreadPoolTaskExecutor;)Lorg/springframework/scheduling/concurrent/ThreadPoolTaskExecutor; 43 <appendix> member <vmtarget> ; # org/springframework/boot/task/ThreadPoolTaskExecutorBuilder$$Lambda+0x000002f085ab71b0
instanceKlass  @bci org/springframework/boot/task/ThreadPoolTaskExecutorBuilder configure (Lorg/springframework/scheduling/concurrent/ThreadPoolTaskExecutor;)Lorg/springframework/scheduling/concurrent/ThreadPoolTaskExecutor; 21 <appendix> member <vmtarget> ; # org/springframework/boot/task/ThreadPoolTaskExecutorBuilder$$Lambda+0x000002f085ab6f88
instanceKlass org/springframework/web/servlet/mvc/method/annotation/AbstractMappingJacksonResponseBodyAdvice
instanceKlass org/springframework/web/servlet/mvc/method/annotation/ResponseBodyAdvice
instanceKlass org/springframework/web/servlet/mvc/method/annotation/RequestBodyAdviceAdapter
instanceKlass org/springframework/web/servlet/mvc/method/annotation/RequestBodyAdvice
instanceKlass org/springframework/security/web/method/annotation/CsrfTokenArgumentResolver
instanceKlass org/springframework/security/core/annotation/CurrentSecurityContext
instanceKlass org/springframework/security/web/method/annotation/CurrentSecurityContextArgumentResolver
instanceKlass org/springframework/security/web/bind/support/AuthenticationPrincipalArgumentResolver
instanceKlass org/springframework/security/core/annotation/AbstractSecurityAnnotationScanner
instanceKlass  @bci org/springframework/security/core/annotation/SecurityAnnotationScanners requireUnique (Ljava/lang/Class;)Lorg/springframework/security/core/annotation/SecurityAnnotationScanner; 5 <appendix> member <vmtarget> ; # org/springframework/security/core/annotation/SecurityAnnotationScanners$$Lambda+0x000002f085ab4fc0
instanceKlass org/springframework/security/core/annotation/SecurityAnnotationScanner
instanceKlass org/springframework/security/core/annotation/SecurityAnnotationScanners
instanceKlass org/springframework/security/core/annotation/AuthenticationPrincipal
instanceKlass org/springframework/security/web/method/annotation/AuthenticationPrincipalArgumentResolver
instanceKlass  @bci org/springframework/data/web/config/SpringDataWebConfiguration customizePageableResolver (Lorg/springframework/data/web/PageableHandlerMethodArgumentResolver;)V 8 <appendix> member <vmtarget> ; # org/springframework/data/web/config/SpringDataWebConfiguration$$Lambda+0x000002f085ab45a0
instanceKlass  @bci org/springframework/boot/autoconfigure/data/web/SpringDataWebAutoConfiguration pageableCustomizer ()Lorg/springframework/data/web/config/PageableHandlerMethodArgumentResolverCustomizer; 1 <appendix> member <vmtarget> ; # org/springframework/boot/autoconfigure/data/web/SpringDataWebAutoConfiguration$$Lambda+0x000002f085ab4388
instanceKlass org/springframework/data/domain/AbstractPageRequest
instanceKlass org/springframework/web/method/support/ModelAndViewContainer
instanceKlass  @bci org/springframework/data/web/config/SpringDataWebConfiguration customizeSortResolver (Lorg/springframework/data/web/SortHandlerMethodArgumentResolver;)V 8 <appendix> member <vmtarget> ; # org/springframework/data/web/config/SpringDataWebConfiguration$$Lambda+0x000002f085ab3868
instanceKlass  @bci org/springframework/boot/autoconfigure/data/web/SpringDataWebAutoConfiguration sortCustomizer ()Lorg/springframework/data/web/config/SortHandlerMethodArgumentResolverCustomizer; 1 <appendix> member <vmtarget> ; # org/springframework/boot/autoconfigure/data/web/SpringDataWebAutoConfiguration$$Lambda+0x000002f085ab3650
instanceKlass org/springframework/data/web/SortDefault
instanceKlass org/springframework/data/web/SortDefault$SortDefaults
instanceKlass org/springframework/web/bind/support/DefaultSessionAttributeStore
instanceKlass org/springframework/core/ReactiveAdapter
instanceKlass org/springframework/util/ConcurrencyThrottleSupport
instanceKlass  @bci org/springframework/web/servlet/mvc/method/annotation/RequestMappingHandlerAdapter <clinit> ()V 8 <appendix> argL0 ; # org/springframework/web/servlet/mvc/method/annotation/RequestMappingHandlerAdapter$$Lambda+0x000002f085ab1b80
instanceKlass  @bci org/springframework/web/servlet/mvc/method/annotation/RequestMappingHandlerAdapter <clinit> ()V 0 <appendix> argL0 ; # org/springframework/web/servlet/mvc/method/annotation/RequestMappingHandlerAdapter$$Lambda+0x000002f085ab1960
instanceKlass org/springframework/web/bind/support/DefaultDataBinderFactory
instanceKlass org/springframework/web/bind/support/WebDataBinderFactory
instanceKlass org/springframework/web/bind/support/SessionAttributeStore
instanceKlass  @bci org/springframework/web/servlet/handler/SimpleUrlHandlerMapping registerHandlers (Ljava/util/Map;)V 32 <appendix> member <vmtarget> ; # org/springframework/web/servlet/handler/SimpleUrlHandlerMapping$$Lambda+0x000002f085ab06d0
instanceKlass org/apache/catalina/TrackedWebResource
instanceKlass org/apache/catalina/webresources/AbstractResource
instanceKlass  @bci org/springframework/web/servlet/resource/ResourceHttpRequestHandler setMediaTypes (Ljava/util/Map;)V 2 <appendix> member <vmtarget> ; # org/springframework/web/servlet/resource/ResourceHttpRequestHandler$$Lambda+0x000002f085aaed68
instanceKlass org/springframework/web/servlet/resource/DefaultResourceTransformerChain
instanceKlass org/springframework/web/servlet/resource/DefaultResourceResolverChain
instanceKlass org/springframework/web/servlet/resource/ResourceHandlerUtils
instanceKlass org/springframework/web/HttpRequestHandler
instanceKlass org/springframework/web/servlet/resource/ResourceTransformerSupport
instanceKlass org/springframework/web/servlet/resource/AbstractResourceResolver
instanceKlass org/springframework/web/servlet/config/annotation/ResourceChainRegistration
instanceKlass  @bci org/springframework/boot/autoconfigure/web/servlet/WebMvcAutoConfiguration$WebMvcAutoConfigurationAdapter addResourceHandlers (Lorg/springframework/web/servlet/config/annotation/ResourceHandlerRegistry;)V 54 <appendix> member <vmtarget> ; # org/springframework/boot/autoconfigure/web/servlet/WebMvcAutoConfiguration$WebMvcAutoConfigurationAdapter$$Lambda+0x000002f085aac750
instanceKlass  @bci org/springframework/boot/autoconfigure/web/WebProperties$Resources$Cache$Cachecontrol toHttpCacheControl ()Lorg/springframework/http/CacheControl; 202 <appendix> member <vmtarget> ; # org/springframework/boot/autoconfigure/web/WebProperties$Resources$Cache$Cachecontrol$$Lambda+0x000002f085aac528
instanceKlass  @bci org/springframework/boot/autoconfigure/web/WebProperties$Resources$Cache$Cachecontrol toHttpCacheControl ()Lorg/springframework/http/CacheControl; 190 <appendix> member <vmtarget> ; # org/springframework/boot/autoconfigure/web/WebProperties$Resources$Cache$Cachecontrol$$Lambda+0x000002f085aac310
instanceKlass  @bci org/springframework/boot/autoconfigure/web/WebProperties$Resources$Cache$Cachecontrol toHttpCacheControl ()Lorg/springframework/http/CacheControl; 180 <appendix> member <vmtarget> ; # org/springframework/boot/autoconfigure/web/WebProperties$Resources$Cache$Cachecontrol$$Lambda+0x000002f085aac0e8
instanceKlass  @bci org/springframework/boot/autoconfigure/web/WebProperties$Resources$Cache$Cachecontrol toHttpCacheControl ()Lorg/springframework/http/CacheControl; 168 <appendix> member <vmtarget> ; # org/springframework/boot/autoconfigure/web/WebProperties$Resources$Cache$Cachecontrol$$Lambda+0x000002f085aabed0
instanceKlass  @bci org/springframework/boot/autoconfigure/web/WebProperties$Resources$Cache$Cachecontrol toHttpCacheControl ()Lorg/springframework/http/CacheControl; 158 <appendix> member <vmtarget> ; # org/springframework/boot/autoconfigure/web/WebProperties$Resources$Cache$Cachecontrol$$Lambda+0x000002f085aabca8
instanceKlass  @bci org/springframework/boot/autoconfigure/web/WebProperties$Resources$Cache$Cachecontrol toHttpCacheControl ()Lorg/springframework/http/CacheControl; 146 <appendix> member <vmtarget> ; # org/springframework/boot/autoconfigure/web/WebProperties$Resources$Cache$Cachecontrol$$Lambda+0x000002f085aaba90
instanceKlass  @bci org/springframework/boot/autoconfigure/web/WebProperties$Resources$Cache$Cachecontrol toHttpCacheControl ()Lorg/springframework/http/CacheControl; 136 <appendix> member <vmtarget> ; # org/springframework/boot/autoconfigure/web/WebProperties$Resources$Cache$Cachecontrol$$Lambda+0x000002f085aab878
instanceKlass  @bci org/springframework/boot/autoconfigure/web/WebProperties$Resources$Cache$Cachecontrol toHttpCacheControl ()Lorg/springframework/http/CacheControl; 119 <appendix> member <vmtarget> ; # org/springframework/boot/autoconfigure/web/WebProperties$Resources$Cache$Cachecontrol$$Lambda+0x000002f085aab660
